This file contains any messages produced by compilers while
running configure, to aid debugging if configure makes a mistake.

It was created by libssh2 configure -, which was
generated by GNU Autoconf 2.69.  Invocation command line was

  $ ./configure --prefix=/Users/michael.brown/Documents/Projects/Libraries/libssh2/libssh2-1.8.0/../iPhoneOS-arm64 --host=arm-apple-darwin --enable-static --disable-shared --disable-debug --with-libz --with-openssl --with-libssl-prefix=/Users/michael.brown/Documents/Projects/Libraries/libssh2/libssh2-1.8.0/../../libssl/iPhoneOS

## --------- ##
## Platform. ##
## --------- ##

hostname = michaels-mbp15.lan
uname -m = x86_64
uname -r = 16.7.0
uname -s = Darwin
uname -v = Darwin Kernel Version 16.7.0: Thu Jan 11 22:59:40 PST 2018; root:xnu-3789.73.8~1/RELEASE_X86_64

/usr/bin/uname -p = i386
/bin/uname -X     = unknown

/bin/arch              = unknown
/usr/bin/arch -k       = unknown
/usr/convex/getsysinfo = unknown
/usr/bin/hostinfo      = Mach kernel version:
	 Darwin Kernel Version 16.7.0: Thu Jan 11 22:59:40 PST 2018; root:xnu-3789.73.8~1/RELEASE_X86_64
Kernel configured for up to 8 processors.
4 processors are physically available.
8 processors are logically available.
Processor type: x86_64h (Intel x86-64h Haswell)
Processors active: 0 1 2 3 4 5 6 7
Primary memory available: 16.00 gigabytes
Default processor set: 532 tasks, 2407 threads, 8 processors
Load average: 2.04, Mach factor: 5.95
/bin/machine           = unknown
/usr/bin/oslevel       = unknown
/bin/universe          = unknown

PATH: /usr/local/bin
PATH: /usr/bin
PATH: /bin
PATH: /usr/sbin
PATH: /sbin


## ----------- ##
## Core tests. ##
## ----------- ##

configure:2435: checking whether to enable maintainer-specific portions of Makefiles
configure:2444: result: no
configure:2468: checking whether make supports nested variables
configure:2485: result: yes
configure:2499: checking for sed
configure:2518: found /usr/bin/sed
configure:2531: result: /usr/bin/sed
configure:2592: checking for a BSD-compatible install
configure:2660: result: /usr/bin/install -c
configure:2671: checking whether build environment is sane
configure:2726: result: yes
configure:2785: checking for arm-apple-darwin-strip
configure:2812: result: /Applications/Xcode.app/Contents/Developer/Toolchains/XcodeDefault.xctoolchain/usr/bin/strip
configure:2877: checking for a thread-safe mkdir -p
configure:2916: result: ./install-sh -c -d
configure:2923: checking for gawk
configure:2953: result: no
configure:2923: checking for mawk
configure:2953: result: no
configure:2923: checking for nawk
configure:2953: result: no
configure:2923: checking for awk
configure:2939: found /usr/bin/awk
configure:2950: result: awk
configure:2961: checking whether make sets $(MAKE)
configure:2983: result: yes
configure:3116: checking libssh2 version
configure:3118: result: 1.8.0
configure:3129: checking build system type
configure:3143: result: x86_64-apple-darwin16.7.0
configure:3163: checking host system type
configure:3176: result: arm-apple-darwin
configure:3203: autobuild project... libssh2
configure:3209: autobuild revision... 1.8.0
configure:3214: autobuild hostname... michaels-mbp15.lan
configure:3225: autobuild timestamp... 20180226-130102
configure:3266: checking for style of include used by make
configure:3294: result: GNU
configure:3325: checking for arm-apple-darwin-gcc
configure:3352: result: /Applications/Xcode.app/Contents/Developer/Toolchains/XcodeDefault.xctoolchain/usr/bin/clang -isysroot /Applications/Xcode.app/Contents/Developer/Platforms/iPhoneOS.platform/Developer/SDKs/iPhoneOS11.2.sdk -arch arm64 -miphoneos-version-min=8.0 -fembed-bitcode 
configure:3621: checking for C compiler version
configure:3630: /Applications/Xcode.app/Contents/Developer/Toolchains/XcodeDefault.xctoolchain/usr/bin/clang -isysroot /Applications/Xcode.app/Contents/Developer/Platforms/iPhoneOS.platform/Developer/SDKs/iPhoneOS11.2.sdk -arch arm64 -miphoneos-version-min=8.0 -fembed-bitcode  --version >&5
Apple LLVM version 9.0.0 (clang-900.0.39.2)
Target: aarch64-apple-darwin16.7.0
Thread model: posix
InstalledDir: /Applications/Xcode.app/Contents/Developer/Toolchains/XcodeDefault.xctoolchain/usr/bin
configure:3641: $? = 0
configure:3630: /Applications/Xcode.app/Contents/Developer/Toolchains/XcodeDefault.xctoolchain/usr/bin/clang -isysroot /Applications/Xcode.app/Contents/Developer/Platforms/iPhoneOS.platform/Developer/SDKs/iPhoneOS11.2.sdk -arch arm64 -miphoneos-version-min=8.0 -fembed-bitcode  -v >&5
Apple LLVM version 9.0.0 (clang-900.0.39.2)
Target: aarch64-apple-darwin16.7.0
Thread model: posix
InstalledDir: /Applications/Xcode.app/Contents/Developer/Toolchains/XcodeDefault.xctoolchain/usr/bin
clang: warning: argument unused during compilation: '-isysroot /Applications/Xcode.app/Contents/Developer/Platforms/iPhoneOS.platform/Developer/SDKs/iPhoneOS11.2.sdk' [-Wunused-command-line-argument]
clang: warning: argument unused during compilation: '-miphoneos-version-min=8.0' [-Wunused-command-line-argument]
configure:3641: $? = 0
configure:3630: /Applications/Xcode.app/Contents/Developer/Toolchains/XcodeDefault.xctoolchain/usr/bin/clang -isysroot /Applications/Xcode.app/Contents/Developer/Platforms/iPhoneOS.platform/Developer/SDKs/iPhoneOS11.2.sdk -arch arm64 -miphoneos-version-min=8.0 -fembed-bitcode  -V >&5
clang: error: argument to '-V' is missing (expected 1 value)
clang: error: no input files
configure:3641: $? = 1
configure:3630: /Applications/Xcode.app/Contents/Developer/Toolchains/XcodeDefault.xctoolchain/usr/bin/clang -isysroot /Applications/Xcode.app/Contents/Developer/Platforms/iPhoneOS.platform/Developer/SDKs/iPhoneOS11.2.sdk -arch arm64 -miphoneos-version-min=8.0 -fembed-bitcode  -qversion >&5
clang: error: unknown argument: '-qversion'
clang: error: no input files
configure:3641: $? = 1
configure:3661: checking whether the C compiler works
configure:3683: /Applications/Xcode.app/Contents/Developer/Toolchains/XcodeDefault.xctoolchain/usr/bin/clang -isysroot /Applications/Xcode.app/Contents/Developer/Platforms/iPhoneOS.platform/Developer/SDKs/iPhoneOS11.2.sdk -arch arm64 -miphoneos-version-min=8.0 -fembed-bitcode   -DLIBSSH2_DARWIN   conftest.c  >&5
configure:3687: $? = 0
configure:3735: result: yes
configure:3738: checking for C compiler default output file name
configure:3740: result: a.out
configure:3746: checking for suffix of executables
configure:3753: /Applications/Xcode.app/Contents/Developer/Toolchains/XcodeDefault.xctoolchain/usr/bin/clang -isysroot /Applications/Xcode.app/Contents/Developer/Platforms/iPhoneOS.platform/Developer/SDKs/iPhoneOS11.2.sdk -arch arm64 -miphoneos-version-min=8.0 -fembed-bitcode  -o conftest  -DLIBSSH2_DARWIN   conftest.c  >&5
configure:3757: $? = 0
configure:3779: result: 
configure:3801: checking whether we are cross compiling
configure:3809: /Applications/Xcode.app/Contents/Developer/Toolchains/XcodeDefault.xctoolchain/usr/bin/clang -isysroot /Applications/Xcode.app/Contents/Developer/Platforms/iPhoneOS.platform/Developer/SDKs/iPhoneOS11.2.sdk -arch arm64 -miphoneos-version-min=8.0 -fembed-bitcode  -o conftest  -DLIBSSH2_DARWIN   conftest.c  >&5
configure:3813: $? = 0
configure:3820: ./conftest
./configure: line 3822: ./conftest: Bad CPU type in executable
configure:3824: $? = 126
configure:3839: result: yes
configure:3844: checking for suffix of object files
configure:3866: /Applications/Xcode.app/Contents/Developer/Toolchains/XcodeDefault.xctoolchain/usr/bin/clang -isysroot /Applications/Xcode.app/Contents/Developer/Platforms/iPhoneOS.platform/Developer/SDKs/iPhoneOS11.2.sdk -arch arm64 -miphoneos-version-min=8.0 -fembed-bitcode  -c  -DLIBSSH2_DARWIN  conftest.c >&5
configure:3870: $? = 0
configure:3891: result: o
configure:3895: checking whether we are using the GNU C compiler
configure:3914: /Applications/Xcode.app/Contents/Developer/Toolchains/XcodeDefault.xctoolchain/usr/bin/clang -isysroot /Applications/Xcode.app/Contents/Developer/Platforms/iPhoneOS.platform/Developer/SDKs/iPhoneOS11.2.sdk -arch arm64 -miphoneos-version-min=8.0 -fembed-bitcode  -c  -DLIBSSH2_DARWIN  conftest.c >&5
configure:3914: $? = 0
configure:3923: result: yes
configure:3932: checking whether /Applications/Xcode.app/Contents/Developer/Toolchains/XcodeDefault.xctoolchain/usr/bin/clang -isysroot /Applications/Xcode.app/Contents/Developer/Platforms/iPhoneOS.platform/Developer/SDKs/iPhoneOS11.2.sdk -arch arm64 -miphoneos-version-min=8.0 -fembed-bitcode  accepts -g
configure:3952: /Applications/Xcode.app/Contents/Developer/Toolchains/XcodeDefault.xctoolchain/usr/bin/clang -isysroot /Applications/Xcode.app/Contents/Developer/Platforms/iPhoneOS.platform/Developer/SDKs/iPhoneOS11.2.sdk -arch arm64 -miphoneos-version-min=8.0 -fembed-bitcode  -c -g  conftest.c >&5
configure:3952: $? = 0
configure:3993: result: yes
configure:4010: checking for /Applications/Xcode.app/Contents/Developer/Toolchains/XcodeDefault.xctoolchain/usr/bin/clang -isysroot /Applications/Xcode.app/Contents/Developer/Platforms/iPhoneOS.platform/Developer/SDKs/iPhoneOS11.2.sdk -arch arm64 -miphoneos-version-min=8.0 -fembed-bitcode  option to accept ISO C89
configure:4073: /Applications/Xcode.app/Contents/Developer/Toolchains/XcodeDefault.xctoolchain/usr/bin/clang -isysroot /Applications/Xcode.app/Contents/Developer/Platforms/iPhoneOS.platform/Developer/SDKs/iPhoneOS11.2.sdk -arch arm64 -miphoneos-version-min=8.0 -fembed-bitcode   -c  -DLIBSSH2_DARWIN  conftest.c >&5
configure:4073: $? = 0
configure:4086: result: none needed
configure:4111: checking whether /Applications/Xcode.app/Contents/Developer/Toolchains/XcodeDefault.xctoolchain/usr/bin/clang -isysroot /Applications/Xcode.app/Contents/Developer/Platforms/iPhoneOS.platform/Developer/SDKs/iPhoneOS11.2.sdk -arch arm64 -miphoneos-version-min=8.0 -fembed-bitcode  understands -c and -o together
configure:4133: /Applications/Xcode.app/Contents/Developer/Toolchains/XcodeDefault.xctoolchain/usr/bin/clang -isysroot /Applications/Xcode.app/Contents/Developer/Platforms/iPhoneOS.platform/Developer/SDKs/iPhoneOS11.2.sdk -arch arm64 -miphoneos-version-min=8.0 -fembed-bitcode  -c conftest.c -o conftest2.o
configure:4136: $? = 0
configure:4133: /Applications/Xcode.app/Contents/Developer/Toolchains/XcodeDefault.xctoolchain/usr/bin/clang -isysroot /Applications/Xcode.app/Contents/Developer/Platforms/iPhoneOS.platform/Developer/SDKs/iPhoneOS11.2.sdk -arch arm64 -miphoneos-version-min=8.0 -fembed-bitcode  -c conftest.c -o conftest2.o
configure:4136: $? = 0
configure:4148: result: yes
configure:4167: checking dependency style of /Applications/Xcode.app/Contents/Developer/Toolchains/XcodeDefault.xctoolchain/usr/bin/clang -isysroot /Applications/Xcode.app/Contents/Developer/Platforms/iPhoneOS.platform/Developer/SDKs/iPhoneOS11.2.sdk -arch arm64 -miphoneos-version-min=8.0 -fembed-bitcode 
configure:4278: result: gcc3
configure:4299: checking how to run the C preprocessor
configure:4369: result: /Applications/Xcode.app/Contents/Developer/Toolchains/XcodeDefault.xctoolchain/usr/bin/clang -E -isysroot /Applications/Xcode.app/Contents/Developer/Platforms/iPhoneOS.platform/Developer/SDKs/iPhoneOS11.2.sdk -arch arm64 -miphoneos-version-min=8.0 -fembed-bitcode 
configure:4389: /Applications/Xcode.app/Contents/Developer/Toolchains/XcodeDefault.xctoolchain/usr/bin/clang -E -isysroot /Applications/Xcode.app/Contents/Developer/Platforms/iPhoneOS.platform/Developer/SDKs/iPhoneOS11.2.sdk -arch arm64 -miphoneos-version-min=8.0 -fembed-bitcode   conftest.c
configure:4389: $? = 0
configure:4403: /Applications/Xcode.app/Contents/Developer/Toolchains/XcodeDefault.xctoolchain/usr/bin/clang -E -isysroot /Applications/Xcode.app/Contents/Developer/Platforms/iPhoneOS.platform/Developer/SDKs/iPhoneOS11.2.sdk -arch arm64 -miphoneos-version-min=8.0 -fembed-bitcode   conftest.c
conftest.c:11:10: fatal error: 'ac_nonexistent.h' file not found
#include <ac_nonexistent.h>
         ^~~~~~~~~~~~~~~~~~
1 error generated.
configure:4403: $? = 1
configure: failed program was:
| /* confdefs.h */
| #define PACKAGE_NAME "libssh2"
| #define PACKAGE_TARNAME "libssh2"
| #define PACKAGE_VERSION "-"
| #define PACKAGE_STRING "libssh2 -"
| #define PACKAGE_BUGREPORT "libssh2-devel@cool.haxx.se"
| #define PACKAGE_URL ""
| #define PACKAGE "libssh2"
| #define VERSION "-"
| /* end confdefs.h.  */
| #include <ac_nonexistent.h>
configure:4432: checking for grep that handles long lines and -e
configure:4490: result: /usr/bin/grep
configure:4495: checking for egrep
configure:4557: result: /usr/bin/grep -E
configure:4562: checking for ANSI C header files
configure:4582: /Applications/Xcode.app/Contents/Developer/Toolchains/XcodeDefault.xctoolchain/usr/bin/clang -isysroot /Applications/Xcode.app/Contents/Developer/Platforms/iPhoneOS.platform/Developer/SDKs/iPhoneOS11.2.sdk -arch arm64 -miphoneos-version-min=8.0 -fembed-bitcode  -c  -DLIBSSH2_DARWIN  conftest.c >&5
configure:4582: $? = 0
configure:4666: result: yes
configure:4679: checking for sys/types.h
configure:4679: /Applications/Xcode.app/Contents/Developer/Toolchains/XcodeDefault.xctoolchain/usr/bin/clang -isysroot /Applications/Xcode.app/Contents/Developer/Platforms/iPhoneOS.platform/Developer/SDKs/iPhoneOS11.2.sdk -arch arm64 -miphoneos-version-min=8.0 -fembed-bitcode  -c  -DLIBSSH2_DARWIN  conftest.c >&5
configure:4679: $? = 0
configure:4679: result: yes
configure:4679: checking for sys/stat.h
configure:4679: /Applications/Xcode.app/Contents/Developer/Toolchains/XcodeDefault.xctoolchain/usr/bin/clang -isysroot /Applications/Xcode.app/Contents/Developer/Platforms/iPhoneOS.platform/Developer/SDKs/iPhoneOS11.2.sdk -arch arm64 -miphoneos-version-min=8.0 -fembed-bitcode  -c  -DLIBSSH2_DARWIN  conftest.c >&5
configure:4679: $? = 0
configure:4679: result: yes
configure:4679: checking for stdlib.h
configure:4679: /Applications/Xcode.app/Contents/Developer/Toolchains/XcodeDefault.xctoolchain/usr/bin/clang -isysroot /Applications/Xcode.app/Contents/Developer/Platforms/iPhoneOS.platform/Developer/SDKs/iPhoneOS11.2.sdk -arch arm64 -miphoneos-version-min=8.0 -fembed-bitcode  -c  -DLIBSSH2_DARWIN  conftest.c >&5
configure:4679: $? = 0
configure:4679: result: yes
configure:4679: checking for string.h
configure:4679: /Applications/Xcode.app/Contents/Developer/Toolchains/XcodeDefault.xctoolchain/usr/bin/clang -isysroot /Applications/Xcode.app/Contents/Developer/Platforms/iPhoneOS.platform/Developer/SDKs/iPhoneOS11.2.sdk -arch arm64 -miphoneos-version-min=8.0 -fembed-bitcode  -c  -DLIBSSH2_DARWIN  conftest.c >&5
configure:4679: $? = 0
configure:4679: result: yes
configure:4679: checking for memory.h
configure:4679: /Applications/Xcode.app/Contents/Developer/Toolchains/XcodeDefault.xctoolchain/usr/bin/clang -isysroot /Applications/Xcode.app/Contents/Developer/Platforms/iPhoneOS.platform/Developer/SDKs/iPhoneOS11.2.sdk -arch arm64 -miphoneos-version-min=8.0 -fembed-bitcode  -c  -DLIBSSH2_DARWIN  conftest.c >&5
configure:4679: $? = 0
configure:4679: result: yes
configure:4679: checking for strings.h
configure:4679: /Applications/Xcode.app/Contents/Developer/Toolchains/XcodeDefault.xctoolchain/usr/bin/clang -isysroot /Applications/Xcode.app/Contents/Developer/Platforms/iPhoneOS.platform/Developer/SDKs/iPhoneOS11.2.sdk -arch arm64 -miphoneos-version-min=8.0 -fembed-bitcode  -c  -DLIBSSH2_DARWIN  conftest.c >&5
configure:4679: $? = 0
configure:4679: result: yes
configure:4679: checking for inttypes.h
configure:4679: /Applications/Xcode.app/Contents/Developer/Toolchains/XcodeDefault.xctoolchain/usr/bin/clang -isysroot /Applications/Xcode.app/Contents/Developer/Platforms/iPhoneOS.platform/Developer/SDKs/iPhoneOS11.2.sdk -arch arm64 -miphoneos-version-min=8.0 -fembed-bitcode  -c  -DLIBSSH2_DARWIN  conftest.c >&5
configure:4679: $? = 0
configure:4679: result: yes
configure:4679: checking for stdint.h
configure:4679: /Applications/Xcode.app/Contents/Developer/Toolchains/XcodeDefault.xctoolchain/usr/bin/clang -isysroot /Applications/Xcode.app/Contents/Developer/Platforms/iPhoneOS.platform/Developer/SDKs/iPhoneOS11.2.sdk -arch arm64 -miphoneos-version-min=8.0 -fembed-bitcode  -c  -DLIBSSH2_DARWIN  conftest.c >&5
configure:4679: $? = 0
configure:4679: result: yes
configure:4679: checking for unistd.h
configure:4679: /Applications/Xcode.app/Contents/Developer/Toolchains/XcodeDefault.xctoolchain/usr/bin/clang -isysroot /Applications/Xcode.app/Contents/Developer/Platforms/iPhoneOS.platform/Developer/SDKs/iPhoneOS11.2.sdk -arch arm64 -miphoneos-version-min=8.0 -fembed-bitcode  -c  -DLIBSSH2_DARWIN  conftest.c >&5
configure:4679: $? = 0
configure:4679: result: yes
configure:4691: checking for long long
configure:4691: /Applications/Xcode.app/Contents/Developer/Toolchains/XcodeDefault.xctoolchain/usr/bin/clang -isysroot /Applications/Xcode.app/Contents/Developer/Platforms/iPhoneOS.platform/Developer/SDKs/iPhoneOS11.2.sdk -arch arm64 -miphoneos-version-min=8.0 -fembed-bitcode  -c  -DLIBSSH2_DARWIN  conftest.c >&5
configure:4691: $? = 0
configure:4691: /Applications/Xcode.app/Contents/Developer/Toolchains/XcodeDefault.xctoolchain/usr/bin/clang -isysroot /Applications/Xcode.app/Contents/Developer/Platforms/iPhoneOS.platform/Developer/SDKs/iPhoneOS11.2.sdk -arch arm64 -miphoneos-version-min=8.0 -fembed-bitcode  -c  -DLIBSSH2_DARWIN  conftest.c >&5
conftest.c:57:24: error: expected expression
if (sizeof ((long long)))
                       ^
1 error generated.
configure:4691: $? = 1
configure: failed program was:
| /* confdefs.h */
| #define PACKAGE_NAME "libssh2"
| #define PACKAGE_TARNAME "libssh2"
| #define PACKAGE_VERSION "-"
| #define PACKAGE_STRING "libssh2 -"
| #define PACKAGE_BUGREPORT "libssh2-devel@cool.haxx.se"
| #define PACKAGE_URL ""
| #define PACKAGE "libssh2"
| #define VERSION "-"
| #define STDC_HEADERS 1
| #define HAVE_SYS_TYPES_H 1
| #define HAVE_SYS_STAT_H 1
| #define HAVE_STDLIB_H 1
| #define HAVE_STRING_H 1
| #define HAVE_MEMORY_H 1
| #define HAVE_STRINGS_H 1
| #define HAVE_INTTYPES_H 1
| #define HAVE_STDINT_H 1
| #define HAVE_UNISTD_H 1
| /* end confdefs.h.  */
| #include <stdio.h>
| #ifdef HAVE_SYS_TYPES_H
| # include <sys/types.h>
| #endif
| #ifdef HAVE_SYS_STAT_H
| # include <sys/stat.h>
| #endif
| #ifdef STDC_HEADERS
| # include <stdlib.h>
| # include <stddef.h>
| #else
| # ifdef HAVE_STDLIB_H
| #  include <stdlib.h>
| # endif
| #endif
| #ifdef HAVE_STRING_H
| # if !defined STDC_HEADERS && defined HAVE_MEMORY_H
| #  include <memory.h>
| # endif
| # include <string.h>
| #endif
| #ifdef HAVE_STRINGS_H
| # include <strings.h>
| #endif
| #ifdef HAVE_INTTYPES_H
| # include <inttypes.h>
| #endif
| #ifdef HAVE_STDINT_H
| # include <stdint.h>
| #endif
| #ifdef HAVE_UNISTD_H
| # include <unistd.h>
| #endif
| int
| main ()
| {
| if (sizeof ((long long)))
| 	    return 0;
|   ;
|   return 0;
| }
configure:4691: result: yes
configure:4703: checking if _REENTRANT is already defined
configure:4725: /Applications/Xcode.app/Contents/Developer/Toolchains/XcodeDefault.xctoolchain/usr/bin/clang -isysroot /Applications/Xcode.app/Contents/Developer/Platforms/iPhoneOS.platform/Developer/SDKs/iPhoneOS11.2.sdk -arch arm64 -miphoneos-version-min=8.0 -fembed-bitcode  -c  -DLIBSSH2_DARWIN  conftest.c >&5
conftest.c:32:7: error: use of undeclared identifier 'force'
      force compilation error
      ^
1 error generated.
configure:4725: $? = 1
configure: failed program was:
| /* confdefs.h */
| #define PACKAGE_NAME "libssh2"
| #define PACKAGE_TARNAME "libssh2"
| #define PACKAGE_VERSION "-"
| #define PACKAGE_STRING "libssh2 -"
| #define PACKAGE_BUGREPORT "libssh2-devel@cool.haxx.se"
| #define PACKAGE_URL ""
| #define PACKAGE "libssh2"
| #define VERSION "-"
| #define STDC_HEADERS 1
| #define HAVE_SYS_TYPES_H 1
| #define HAVE_SYS_STAT_H 1
| #define HAVE_STDLIB_H 1
| #define HAVE_STRING_H 1
| #define HAVE_MEMORY_H 1
| #define HAVE_STRINGS_H 1
| #define HAVE_INTTYPES_H 1
| #define HAVE_STDINT_H 1
| #define HAVE_UNISTD_H 1
| #define HAVE_LONGLONG 1
| /* end confdefs.h.  */
| 
| 
| 
| int
| main ()
| {
| 
| #ifdef _REENTRANT
|       int dummy=1;
| #else
|       force compilation error
| #endif
| 
|   ;
|   return 0;
| }
| 
configure:4733: result: no
configure:4741: checking if _REENTRANT is actually needed
configure:4758: result: no
configure:4763: checking if _REENTRANT is onwards defined
configure:4780: result: no
configure:4787: checking for library containing socket
configure:4818: /Applications/Xcode.app/Contents/Developer/Toolchains/XcodeDefault.xctoolchain/usr/bin/clang -isysroot /Applications/Xcode.app/Contents/Developer/Platforms/iPhoneOS.platform/Developer/SDKs/iPhoneOS11.2.sdk -arch arm64 -miphoneos-version-min=8.0 -fembed-bitcode  -o conftest  -DLIBSSH2_DARWIN   conftest.c  >&5
configure:4818: $? = 0
configure:4835: result: none required
configure:4845: checking for library containing inet_addr
configure:4876: /Applications/Xcode.app/Contents/Developer/Toolchains/XcodeDefault.xctoolchain/usr/bin/clang -isysroot /Applications/Xcode.app/Contents/Developer/Platforms/iPhoneOS.platform/Developer/SDKs/iPhoneOS11.2.sdk -arch arm64 -miphoneos-version-min=8.0 -fembed-bitcode  -o conftest  -DLIBSSH2_DARWIN   conftest.c  >&5
configure:4876: $? = 0
configure:4893: result: none required
configure:4912: checking for arm-apple-darwin-gcc
configure:4939: result: /Applications/Xcode.app/Contents/Developer/Toolchains/XcodeDefault.xctoolchain/usr/bin/clang -isysroot /Applications/Xcode.app/Contents/Developer/Platforms/iPhoneOS.platform/Developer/SDKs/iPhoneOS11.2.sdk -arch arm64 -miphoneos-version-min=8.0 -fembed-bitcode 
configure:5208: checking for C compiler version
configure:5217: /Applications/Xcode.app/Contents/Developer/Toolchains/XcodeDefault.xctoolchain/usr/bin/clang -isysroot /Applications/Xcode.app/Contents/Developer/Platforms/iPhoneOS.platform/Developer/SDKs/iPhoneOS11.2.sdk -arch arm64 -miphoneos-version-min=8.0 -fembed-bitcode  --version >&5
Apple LLVM version 9.0.0 (clang-900.0.39.2)
Target: aarch64-apple-darwin16.7.0
Thread model: posix
InstalledDir: /Applications/Xcode.app/Contents/Developer/Toolchains/XcodeDefault.xctoolchain/usr/bin
configure:5228: $? = 0
configure:5217: /Applications/Xcode.app/Contents/Developer/Toolchains/XcodeDefault.xctoolchain/usr/bin/clang -isysroot /Applications/Xcode.app/Contents/Developer/Platforms/iPhoneOS.platform/Developer/SDKs/iPhoneOS11.2.sdk -arch arm64 -miphoneos-version-min=8.0 -fembed-bitcode  -v >&5
Apple LLVM version 9.0.0 (clang-900.0.39.2)
Target: aarch64-apple-darwin16.7.0
Thread model: posix
InstalledDir: /Applications/Xcode.app/Contents/Developer/Toolchains/XcodeDefault.xctoolchain/usr/bin
clang: warning: argument unused during compilation: '-isysroot /Applications/Xcode.app/Contents/Developer/Platforms/iPhoneOS.platform/Developer/SDKs/iPhoneOS11.2.sdk' [-Wunused-command-line-argument]
clang: warning: argument unused during compilation: '-miphoneos-version-min=8.0' [-Wunused-command-line-argument]
configure:5228: $? = 0
configure:5217: /Applications/Xcode.app/Contents/Developer/Toolchains/XcodeDefault.xctoolchain/usr/bin/clang -isysroot /Applications/Xcode.app/Contents/Developer/Platforms/iPhoneOS.platform/Developer/SDKs/iPhoneOS11.2.sdk -arch arm64 -miphoneos-version-min=8.0 -fembed-bitcode  -V >&5
clang: error: argument to '-V' is missing (expected 1 value)
clang: error: no input files
configure:5228: $? = 1
configure:5217: /Applications/Xcode.app/Contents/Developer/Toolchains/XcodeDefault.xctoolchain/usr/bin/clang -isysroot /Applications/Xcode.app/Contents/Developer/Platforms/iPhoneOS.platform/Developer/SDKs/iPhoneOS11.2.sdk -arch arm64 -miphoneos-version-min=8.0 -fembed-bitcode  -qversion >&5
clang: error: unknown argument: '-qversion'
clang: error: no input files
configure:5228: $? = 1
configure:5232: checking whether we are using the GNU C compiler
configure:5260: result: yes
configure:5269: checking whether /Applications/Xcode.app/Contents/Developer/Toolchains/XcodeDefault.xctoolchain/usr/bin/clang -isysroot /Applications/Xcode.app/Contents/Developer/Platforms/iPhoneOS.platform/Developer/SDKs/iPhoneOS11.2.sdk -arch arm64 -miphoneos-version-min=8.0 -fembed-bitcode  accepts -g
configure:5330: result: yes
configure:5347: checking for /Applications/Xcode.app/Contents/Developer/Toolchains/XcodeDefault.xctoolchain/usr/bin/clang -isysroot /Applications/Xcode.app/Contents/Developer/Platforms/iPhoneOS.platform/Developer/SDKs/iPhoneOS11.2.sdk -arch arm64 -miphoneos-version-min=8.0 -fembed-bitcode  option to accept ISO C89
configure:5423: result: none needed
configure:5448: checking whether /Applications/Xcode.app/Contents/Developer/Toolchains/XcodeDefault.xctoolchain/usr/bin/clang -isysroot /Applications/Xcode.app/Contents/Developer/Platforms/iPhoneOS.platform/Developer/SDKs/iPhoneOS11.2.sdk -arch arm64 -miphoneos-version-min=8.0 -fembed-bitcode  understands -c and -o together
configure:5485: result: yes
configure:5504: checking dependency style of /Applications/Xcode.app/Contents/Developer/Toolchains/XcodeDefault.xctoolchain/usr/bin/clang -isysroot /Applications/Xcode.app/Contents/Developer/Platforms/iPhoneOS.platform/Developer/SDKs/iPhoneOS11.2.sdk -arch arm64 -miphoneos-version-min=8.0 -fembed-bitcode 
configure:5615: result: gcc3
configure:5631: checking whether ln -s works
configure:5635: result: yes
configure:5642: checking whether make sets $(MAKE)
configure:5664: result: yes
configure:5677: checking for sshd
configure:5695: found /usr/sbin/sshd
configure:5707: result: /usr/sbin/sshd
configure:6075: checking how to print strings
configure:6102: result: printf
configure:6123: checking for a sed that does not truncate output
configure:6187: result: /usr/bin/sed
configure:6205: checking for fgrep
configure:6267: result: /usr/bin/grep -F
configure:6302: checking for ld used by /Applications/Xcode.app/Contents/Developer/Toolchains/XcodeDefault.xctoolchain/usr/bin/clang -isysroot /Applications/Xcode.app/Contents/Developer/Platforms/iPhoneOS.platform/Developer/SDKs/iPhoneOS11.2.sdk -arch arm64 -miphoneos-version-min=8.0 -fembed-bitcode 
configure:6369: result: /Applications/Xcode.app/Contents/Developer/Toolchains/XcodeDefault.xctoolchain/usr/bin/ld -isysroot /Applications/Xcode.app/Contents/Developer/Platforms/iPhoneOS.platform/Developer/SDKs/iPhoneOS11.2.sdk -arch arm64
configure:6376: checking if the linker (/Applications/Xcode.app/Contents/Developer/Toolchains/XcodeDefault.xctoolchain/usr/bin/ld -isysroot /Applications/Xcode.app/Contents/Developer/Platforms/iPhoneOS.platform/Developer/SDKs/iPhoneOS11.2.sdk -arch arm64) is GNU ld
configure:6391: result: no
configure:6403: checking for BSD- or MS-compatible name lister (nm)
configure:6457: result: no
configure:6471: checking for arm-apple-darwin-dumpbin
configure:6501: result: no
configure:6471: checking for arm-apple-darwin-link
configure:6501: result: no
configure:6515: checking for dumpbin
configure:6545: result: no
configure:6515: checking for link
configure:6531: found /bin/link
configure:6542: result: link -dump
configure:6558: WARNING: using cross tools not prefixed with host triplet
configure:6587: checking the name lister (nm) interface
configure:6594: /Applications/Xcode.app/Contents/Developer/Toolchains/XcodeDefault.xctoolchain/usr/bin/clang -isysroot /Applications/Xcode.app/Contents/Developer/Platforms/iPhoneOS.platform/Developer/SDKs/iPhoneOS11.2.sdk -arch arm64 -miphoneos-version-min=8.0 -fembed-bitcode  -c  -DLIBSSH2_DARWIN  conftest.c >&5
configure:6597: nm "conftest.o"
configure:6600: output
---------------- D _some_variable
configure:6607: result: BSD nm
configure:6611: checking the maximum length of command line arguments
configure:6742: result: 196608
configure:6790: checking how to convert x86_64-apple-darwin16.7.0 file names to arm-apple-darwin format
configure:6830: result: func_convert_file_noop
configure:6837: checking how to convert x86_64-apple-darwin16.7.0 file names to toolchain format
configure:6857: result: func_convert_file_noop
configure:6864: checking for /Applications/Xcode.app/Contents/Developer/Toolchains/XcodeDefault.xctoolchain/usr/bin/ld -isysroot /Applications/Xcode.app/Contents/Developer/Platforms/iPhoneOS.platform/Developer/SDKs/iPhoneOS11.2.sdk -arch arm64 option to reload object files
configure:6871: result: -r
configure:6905: checking for arm-apple-darwin-objdump
configure:6932: result: objdump
configure:7001: checking how to recognize dependent libraries
configure:7201: result: pass_all
configure:7246: checking for arm-apple-darwin-dlltool
configure:7273: result: dlltool
configure:7343: checking how to associate runtime and link libraries
configure:7370: result: printf %s\n
configure:7386: checking for arm-apple-darwin-ar
configure:7413: result: /Applications/Xcode.app/Contents/Developer/Toolchains/XcodeDefault.xctoolchain/usr/bin/ar
configure:7494: checking for archiver @FILE support
configure:7511: /Applications/Xcode.app/Contents/Developer/Toolchains/XcodeDefault.xctoolchain/usr/bin/clang -isysroot /Applications/Xcode.app/Contents/Developer/Platforms/iPhoneOS.platform/Developer/SDKs/iPhoneOS11.2.sdk -arch arm64 -miphoneos-version-min=8.0 -fembed-bitcode  -c  -DLIBSSH2_DARWIN  conftest.c >&5
configure:7511: $? = 0
configure:7514: /Applications/Xcode.app/Contents/Developer/Toolchains/XcodeDefault.xctoolchain/usr/bin/ar cru libconftest.a @conftest.lst >&5
ar: @conftest.lst: No such file or directory
configure:7517: $? = 1
configure:7537: result: no
configure:7555: checking for arm-apple-darwin-strip
configure:7582: result: /Applications/Xcode.app/Contents/Developer/Toolchains/XcodeDefault.xctoolchain/usr/bin/strip
configure:7654: checking for arm-apple-darwin-ranlib
configure:7681: result: /Applications/Xcode.app/Contents/Developer/Toolchains/XcodeDefault.xctoolchain/usr/bin/ranlib
configure:7823: checking command to parse nm output from /Applications/Xcode.app/Contents/Developer/Toolchains/XcodeDefault.xctoolchain/usr/bin/clang -isysroot /Applications/Xcode.app/Contents/Developer/Platforms/iPhoneOS.platform/Developer/SDKs/iPhoneOS11.2.sdk -arch arm64 -miphoneos-version-min=8.0 -fembed-bitcode  object
configure:7976: /Applications/Xcode.app/Contents/Developer/Toolchains/XcodeDefault.xctoolchain/usr/bin/clang -isysroot /Applications/Xcode.app/Contents/Developer/Platforms/iPhoneOS.platform/Developer/SDKs/iPhoneOS11.2.sdk -arch arm64 -miphoneos-version-min=8.0 -fembed-bitcode  -c  -DLIBSSH2_DARWIN  conftest.c >&5
configure:7979: $? = 0
configure:7983: nm conftest.o \| sed -n -e 's/^.*[ ]\([BCDEGRST][BCDEGRST]*\)[ ][ ]*\([_A-Za-z][_A-Za-z0-9]*\)$/\1 \2 \2/p' | sed '/ __gnu_lto/d' \> conftest.nm
configure:7986: $? = 0
cannot find nm_test_var in conftest.nm
configure:7976: /Applications/Xcode.app/Contents/Developer/Toolchains/XcodeDefault.xctoolchain/usr/bin/clang -isysroot /Applications/Xcode.app/Contents/Developer/Platforms/iPhoneOS.platform/Developer/SDKs/iPhoneOS11.2.sdk -arch arm64 -miphoneos-version-min=8.0 -fembed-bitcode  -c  -DLIBSSH2_DARWIN  conftest.c >&5
configure:7979: $? = 0
configure:7983: nm conftest.o \| sed -n -e 's/^.*[ ]\([BCDEGRST][BCDEGRST]*\)[ ][ ]*_\([_A-Za-z][_A-Za-z0-9]*\)$/\1 _\2 \2/p' | sed '/ __gnu_lto/d' \> conftest.nm
configure:7986: $? = 0
configure:8052: /Applications/Xcode.app/Contents/Developer/Toolchains/XcodeDefault.xctoolchain/usr/bin/clang -isysroot /Applications/Xcode.app/Contents/Developer/Platforms/iPhoneOS.platform/Developer/SDKs/iPhoneOS11.2.sdk -arch arm64 -miphoneos-version-min=8.0 -fembed-bitcode  -o conftest  -DLIBSSH2_DARWIN   conftest.c conftstm.o >&5
configure:8055: $? = 0
configure:8093: result: ok
configure:8140: checking for sysroot
configure:8170: result: no
configure:8177: checking for a working dd
configure:8215: result: /bin/dd
configure:8219: checking how to truncate binary pipes
configure:8234: result: /bin/dd bs=4096 count=1
configure:8523: checking for arm-apple-darwin-mt
configure:8553: result: no
configure:8563: checking for mt
configure:8593: result: no
configure:8613: checking if : is a manifest tool
configure:8619: : '-?'
configure:8627: result: no
configure:8643: checking for arm-apple-darwin-dsymutil
configure:8673: result: no
configure:8683: checking for dsymutil
configure:8699: found /usr/bin/dsymutil
configure:8710: result: dsymutil
configure:8735: checking for arm-apple-darwin-nmedit
configure:8765: result: no
configure:8775: checking for nmedit
configure:8791: found /usr/bin/nmedit
configure:8802: result: nmedit
configure:8827: checking for arm-apple-darwin-lipo
configure:8854: result: /Applications/Xcode.app/Contents/Developer/Toolchains/XcodeDefault.xctoolchain/usr/bin/lipo
configure:8919: checking for arm-apple-darwin-otool
configure:8949: result: no
configure:8959: checking for otool
configure:8975: found /usr/bin/otool
configure:8986: result: otool
configure:9011: checking for arm-apple-darwin-otool64
configure:9041: result: no
configure:9051: checking for otool64
configure:9081: result: no
configure:9126: checking for -single_module linker flag
/Applications/Xcode.app/Contents/Developer/Toolchains/XcodeDefault.xctoolchain/usr/bin/clang -isysroot /Applications/Xcode.app/Contents/Developer/Platforms/iPhoneOS.platform/Developer/SDKs/iPhoneOS11.2.sdk -arch arm64 -miphoneos-version-min=8.0 -fembed-bitcode   -DLIBSSH2_DARWIN  -o libconftest.dylib -dynamiclib -Wl,-single_module conftest.c
configure:9159: result: yes
configure:9162: checking for -exported_symbols_list linker flag
configure:9182: /Applications/Xcode.app/Contents/Developer/Toolchains/XcodeDefault.xctoolchain/usr/bin/clang -isysroot /Applications/Xcode.app/Contents/Developer/Platforms/iPhoneOS.platform/Developer/SDKs/iPhoneOS11.2.sdk -arch arm64 -miphoneos-version-min=8.0 -fembed-bitcode  -o conftest  -DLIBSSH2_DARWIN   -Wl,-exported_symbols_list,conftest.sym conftest.c  >&5
configure:9182: $? = 0
configure:9192: result: yes
configure:9195: checking for -force_load linker flag
/Applications/Xcode.app/Contents/Developer/Toolchains/XcodeDefault.xctoolchain/usr/bin/clang -isysroot /Applications/Xcode.app/Contents/Developer/Platforms/iPhoneOS.platform/Developer/SDKs/iPhoneOS11.2.sdk -arch arm64 -miphoneos-version-min=8.0 -fembed-bitcode   -DLIBSSH2_DARWIN -c -o conftest.o conftest.c
/Applications/Xcode.app/Contents/Developer/Toolchains/XcodeDefault.xctoolchain/usr/bin/ar cru libconftest.a conftest.o
/Applications/Xcode.app/Contents/Developer/Toolchains/XcodeDefault.xctoolchain/usr/bin/ranlib libconftest.a
/Applications/Xcode.app/Contents/Developer/Toolchains/XcodeDefault.xctoolchain/usr/bin/clang -isysroot /Applications/Xcode.app/Contents/Developer/Platforms/iPhoneOS.platform/Developer/SDKs/iPhoneOS11.2.sdk -arch arm64 -miphoneos-version-min=8.0 -fembed-bitcode   -DLIBSSH2_DARWIN  -o conftest conftest.c -Wl,-force_load,./libconftest.a
configure:9227: result: yes
configure:9301: checking for dlfcn.h
configure:9301: /Applications/Xcode.app/Contents/Developer/Toolchains/XcodeDefault.xctoolchain/usr/bin/clang -isysroot /Applications/Xcode.app/Contents/Developer/Platforms/iPhoneOS.platform/Developer/SDKs/iPhoneOS11.2.sdk -arch arm64 -miphoneos-version-min=8.0 -fembed-bitcode  -c  -DLIBSSH2_DARWIN  conftest.c >&5
configure:9301: $? = 0
configure:9301: result: yes
configure:9555: checking for objdir
configure:9570: result: .libs
configure:9834: checking if /Applications/Xcode.app/Contents/Developer/Toolchains/XcodeDefault.xctoolchain/usr/bin/clang -isysroot /Applications/Xcode.app/Contents/Developer/Platforms/iPhoneOS.platform/Developer/SDKs/iPhoneOS11.2.sdk -arch arm64 -miphoneos-version-min=8.0 -fembed-bitcode  supports -fno-rtti -fno-exceptions
configure:9852: /Applications/Xcode.app/Contents/Developer/Toolchains/XcodeDefault.xctoolchain/usr/bin/clang -isysroot /Applications/Xcode.app/Contents/Developer/Platforms/iPhoneOS.platform/Developer/SDKs/iPhoneOS11.2.sdk -arch arm64 -miphoneos-version-min=8.0 -fembed-bitcode  -c  -DLIBSSH2_DARWIN  -fno-rtti -fno-exceptions conftest.c >&5
configure:9856: $? = 0
configure:9869: result: yes
configure:10227: checking for /Applications/Xcode.app/Contents/Developer/Toolchains/XcodeDefault.xctoolchain/usr/bin/clang -isysroot /Applications/Xcode.app/Contents/Developer/Platforms/iPhoneOS.platform/Developer/SDKs/iPhoneOS11.2.sdk -arch arm64 -miphoneos-version-min=8.0 -fembed-bitcode  option to produce PIC
configure:10234: result: -fno-common -DPIC
configure:10242: checking if /Applications/Xcode.app/Contents/Developer/Toolchains/XcodeDefault.xctoolchain/usr/bin/clang -isysroot /Applications/Xcode.app/Contents/Developer/Platforms/iPhoneOS.platform/Developer/SDKs/iPhoneOS11.2.sdk -arch arm64 -miphoneos-version-min=8.0 -fembed-bitcode  PIC flag -fno-common -DPIC works
configure:10260: /Applications/Xcode.app/Contents/Developer/Toolchains/XcodeDefault.xctoolchain/usr/bin/clang -isysroot /Applications/Xcode.app/Contents/Developer/Platforms/iPhoneOS.platform/Developer/SDKs/iPhoneOS11.2.sdk -arch arm64 -miphoneos-version-min=8.0 -fembed-bitcode  -c  -DLIBSSH2_DARWIN  -fno-common -DPIC -DPIC conftest.c >&5
configure:10264: $? = 0
configure:10277: result: yes
configure:10306: checking if /Applications/Xcode.app/Contents/Developer/Toolchains/XcodeDefault.xctoolchain/usr/bin/clang -isysroot /Applications/Xcode.app/Contents/Developer/Platforms/iPhoneOS.platform/Developer/SDKs/iPhoneOS11.2.sdk -arch arm64 -miphoneos-version-min=8.0 -fembed-bitcode  static flag -static works
configure:10334: result: no
configure:10349: checking if /Applications/Xcode.app/Contents/Developer/Toolchains/XcodeDefault.xctoolchain/usr/bin/clang -isysroot /Applications/Xcode.app/Contents/Developer/Platforms/iPhoneOS.platform/Developer/SDKs/iPhoneOS11.2.sdk -arch arm64 -miphoneos-version-min=8.0 -fembed-bitcode  supports -c -o file.o
configure:10370: /Applications/Xcode.app/Contents/Developer/Toolchains/XcodeDefault.xctoolchain/usr/bin/clang -isysroot /Applications/Xcode.app/Contents/Developer/Platforms/iPhoneOS.platform/Developer/SDKs/iPhoneOS11.2.sdk -arch arm64 -miphoneos-version-min=8.0 -fembed-bitcode  -c  -DLIBSSH2_DARWIN  -o out/conftest2.o conftest.c >&5
configure:10374: $? = 0
configure:10396: result: yes
configure:10404: checking if /Applications/Xcode.app/Contents/Developer/Toolchains/XcodeDefault.xctoolchain/usr/bin/clang -isysroot /Applications/Xcode.app/Contents/Developer/Platforms/iPhoneOS.platform/Developer/SDKs/iPhoneOS11.2.sdk -arch arm64 -miphoneos-version-min=8.0 -fembed-bitcode  supports -c -o file.o
configure:10451: result: yes
configure:10484: checking whether the /Applications/Xcode.app/Contents/Developer/Toolchains/XcodeDefault.xctoolchain/usr/bin/clang -isysroot /Applications/Xcode.app/Contents/Developer/Platforms/iPhoneOS.platform/Developer/SDKs/iPhoneOS11.2.sdk -arch arm64 -miphoneos-version-min=8.0 -fembed-bitcode  linker (/Applications/Xcode.app/Contents/Developer/Toolchains/XcodeDefault.xctoolchain/usr/bin/ld -isysroot /Applications/Xcode.app/Contents/Developer/Platforms/iPhoneOS.platform/Developer/SDKs/iPhoneOS11.2.sdk -arch arm64) supports shared libraries
configure:11747: result: yes
configure:11987: checking dynamic linker characteristics
configure:12817: result: darwin dyld
configure:12939: checking how to hardcode library paths into programs
configure:12964: result: immediate
configure:13512: checking whether stripping libraries is possible
configure:13526: result: yes
configure:13552: checking if libtool supports shared libraries
configure:13554: result: yes
configure:13557: checking whether to build shared libraries
configure:13582: result: no
configure:13585: checking whether to build static libraries
configure:13589: result: yes
configure:13626: checking whether byte ordering is bigendian
configure:13641: /Applications/Xcode.app/Contents/Developer/Toolchains/XcodeDefault.xctoolchain/usr/bin/clang -isysroot /Applications/Xcode.app/Contents/Developer/Platforms/iPhoneOS.platform/Developer/SDKs/iPhoneOS11.2.sdk -arch arm64 -miphoneos-version-min=8.0 -fembed-bitcode  -c  -DLIBSSH2_DARWIN  conftest.c >&5
configure:13641: $? = 0
configure:13686: /Applications/Xcode.app/Contents/Developer/Toolchains/XcodeDefault.xctoolchain/usr/bin/clang -isysroot /Applications/Xcode.app/Contents/Developer/Platforms/iPhoneOS.platform/Developer/SDKs/iPhoneOS11.2.sdk -arch arm64 -miphoneos-version-min=8.0 -fembed-bitcode  -c  -DLIBSSH2_DARWIN  conftest.c >&5
configure:13686: $? = 0
configure:13704: /Applications/Xcode.app/Contents/Developer/Toolchains/XcodeDefault.xctoolchain/usr/bin/clang -isysroot /Applications/Xcode.app/Contents/Developer/Platforms/iPhoneOS.platform/Developer/SDKs/iPhoneOS11.2.sdk -arch arm64 -miphoneos-version-min=8.0 -fembed-bitcode  -c  -DLIBSSH2_DARWIN  conftest.c >&5
conftest.c:31:4: error: use of undeclared identifier 'not'
                 not big endian
                 ^
1 error generated.
configure:13704: $? = 1
configure: failed program was:
| /* confdefs.h */
| #define PACKAGE_NAME "libssh2"
| #define PACKAGE_TARNAME "libssh2"
| #define PACKAGE_VERSION "-"
| #define PACKAGE_STRING "libssh2 -"
| #define PACKAGE_BUGREPORT "libssh2-devel@cool.haxx.se"
| #define PACKAGE_URL ""
| #define PACKAGE "libssh2"
| #define VERSION "-"
| #define STDC_HEADERS 1
| #define HAVE_SYS_TYPES_H 1
| #define HAVE_SYS_STAT_H 1
| #define HAVE_STDLIB_H 1
| #define HAVE_STRING_H 1
| #define HAVE_MEMORY_H 1
| #define HAVE_STRINGS_H 1
| #define HAVE_INTTYPES_H 1
| #define HAVE_STDINT_H 1
| #define HAVE_UNISTD_H 1
| #define HAVE_LONGLONG 1
| #define HAVE_DLFCN_H 1
| #define LT_OBJDIR ".libs/"
| /* end confdefs.h.  */
| #include <sys/types.h>
| 		#include <sys/param.h>
| 
| int
| main ()
| {
| #if BYTE_ORDER != BIG_ENDIAN
| 		 not big endian
| 		#endif
| 
|   ;
|   return 0;
| }
configure:13832: result: no
configure:13858: checking for special C compiler options needed for large files
configure:13903: result: no
configure:13909: checking for _FILE_OFFSET_BITS value needed for large files
configure:13934: /Applications/Xcode.app/Contents/Developer/Toolchains/XcodeDefault.xctoolchain/usr/bin/clang -isysroot /Applications/Xcode.app/Contents/Developer/Platforms/iPhoneOS.platform/Developer/SDKs/iPhoneOS11.2.sdk -arch arm64 -miphoneos-version-min=8.0 -fembed-bitcode  -c  -DLIBSSH2_DARWIN  conftest.c >&5
configure:13934: $? = 0
configure:13966: result: no
configure:14103: checking for ld used by GCC
configure:14167: result: /Applications/Xcode.app/Contents/Developer/Toolchains/XcodeDefault.xctoolchain/usr/bin/ld -isysroot /Applications/Xcode.app/Contents/Developer/Platforms/iPhoneOS.platform/Developer/SDKs/iPhoneOS11.2.sdk -arch arm64
configure:14174: checking if the linker (/Applications/Xcode.app/Contents/Developer/Toolchains/XcodeDefault.xctoolchain/usr/bin/ld -isysroot /Applications/Xcode.app/Contents/Developer/Platforms/iPhoneOS.platform/Developer/SDKs/iPhoneOS11.2.sdk -arch arm64) is GNU ld
configure:14187: result: no
configure:14194: checking for shared library run path origin
configure:14207: result: done
configure:16943: checking for libssl
configure:16962: /Applications/Xcode.app/Contents/Developer/Toolchains/XcodeDefault.xctoolchain/usr/bin/clang -isysroot /Applications/Xcode.app/Contents/Developer/Platforms/iPhoneOS.platform/Developer/SDKs/iPhoneOS11.2.sdk -arch arm64 -miphoneos-version-min=8.0 -fembed-bitcode  -o conftest  -DLIBSSH2_DARWIN -I/Users/michael.brown/Documents/Projects/Libraries/libssh2/libssh2-1.8.0/../../libssl/iPhoneOS/include  conftest.c  /Users/michael.brown/Documents/Projects/Libraries/libssh2/libssh2-1.8.0/../../libssl/iPhoneOS/lib/libssl.a /Users/michael.brown/Documents/Projects/Libraries/libssh2/libssh2-1.8.0/../../libssl/iPhoneOS/lib/libcrypto.a >&5
configure:16962: $? = 0
configure:16972: result: yes
configure:16979: checking how to link with libssl
configure:16981: result: /Users/michael.brown/Documents/Projects/Libraries/libssh2/libssh2-1.8.0/../../libssl/iPhoneOS/lib/libssl.a /Users/michael.brown/Documents/Projects/Libraries/libssh2/libssh2-1.8.0/../../libssl/iPhoneOS/lib/libcrypto.a
configure:17009: checking for EVP_aes_128_ctr
configure:17009: /Applications/Xcode.app/Contents/Developer/Toolchains/XcodeDefault.xctoolchain/usr/bin/clang -isysroot /Applications/Xcode.app/Contents/Developer/Platforms/iPhoneOS.platform/Developer/SDKs/iPhoneOS11.2.sdk -arch arm64 -miphoneos-version-min=8.0 -fembed-bitcode  -o conftest  -DLIBSSH2_DARWIN -I/Users/michael.brown/Documents/Projects/Libraries/libssh2/libssh2-1.8.0/../../libssl/iPhoneOS/include  conftest.c  /Users/michael.brown/Documents/Projects/Libraries/libssh2/libssh2-1.8.0/../../libssl/iPhoneOS/lib/libssl.a /Users/michael.brown/Documents/Projects/Libraries/libssh2/libssh2-1.8.0/../../libssl/iPhoneOS/lib/libcrypto.a >&5
Undefined symbols for architecture arm64:
  "_deflate", referenced from:
      _zlib_stateful_compress_block in libcrypto.a(c_zlib.o)
      _bio_zlib_write in libcrypto.a(c_zlib.o)
      _bio_zlib_ctrl in libcrypto.a(c_zlib.o)
  "_deflateEnd", referenced from:
      _zlib_stateful_finish in libcrypto.a(c_zlib.o)
      _bio_zlib_free in libcrypto.a(c_zlib.o)
  "_deflateInit_", referenced from:
      _zlib_stateful_init in libcrypto.a(c_zlib.o)
      _bio_zlib_write in libcrypto.a(c_zlib.o)
  "_inflate", referenced from:
      _zlib_stateful_expand_block in libcrypto.a(c_zlib.o)
      _bio_zlib_read in libcrypto.a(c_zlib.o)
  "_inflateEnd", referenced from:
      _zlib_stateful_finish in libcrypto.a(c_zlib.o)
      _bio_zlib_free in libcrypto.a(c_zlib.o)
  "_inflateInit_", referenced from:
      _zlib_stateful_init in libcrypto.a(c_zlib.o)
      _bio_zlib_read in libcrypto.a(c_zlib.o)
  "_zError", referenced from:
      _bio_zlib_write in libcrypto.a(c_zlib.o)
      _bio_zlib_read in libcrypto.a(c_zlib.o)
      _bio_zlib_ctrl in libcrypto.a(c_zlib.o)
ld: symbol(s) not found for architecture arm64
clang: error: linker command failed with exit code 1 (use -v to see invocation)
configure:17009: $? = 1
configure: failed program was:
| /* confdefs.h */
| #define PACKAGE_NAME "libssh2"
| #define PACKAGE_TARNAME "libssh2"
| #define PACKAGE_VERSION "-"
| #define PACKAGE_STRING "libssh2 -"
| #define PACKAGE_BUGREPORT "libssh2-devel@cool.haxx.se"
| #define PACKAGE_URL ""
| #define PACKAGE "libssh2"
| #define VERSION "-"
| #define STDC_HEADERS 1
| #define HAVE_SYS_TYPES_H 1
| #define HAVE_SYS_STAT_H 1
| #define HAVE_STDLIB_H 1
| #define HAVE_STRING_H 1
| #define HAVE_MEMORY_H 1
| #define HAVE_STRINGS_H 1
| #define HAVE_INTTYPES_H 1
| #define HAVE_STDINT_H 1
| #define HAVE_UNISTD_H 1
| #define HAVE_LONGLONG 1
| #define HAVE_DLFCN_H 1
| #define LT_OBJDIR ".libs/"
| #define HAVE_LIBSSL 1
| #define LIBSSH2_OPENSSL 1
| /* end confdefs.h.  */
| /* Define EVP_aes_128_ctr to an innocuous variant, in case <limits.h> declares EVP_aes_128_ctr.
|    For example, HP-UX 11i <limits.h> declares gettimeofday.  */
| #define EVP_aes_128_ctr innocuous_EVP_aes_128_ctr
| 
| /* System header to define __stub macros and hopefully few prototypes,
|     which can conflict with char EVP_aes_128_ctr (); below.
|     Prefer <limits.h> to <assert.h> if __STDC__ is defined, since
|     <limits.h> exists even on freestanding compilers.  */
| 
| #ifdef __STDC__
| # include <limits.h>
| #else
| # include <assert.h>
| #endif
| 
| #undef EVP_aes_128_ctr
| 
| /* Override any GCC internal prototype to avoid an error.
|    Use char because int might match the return type of a GCC
|    builtin and then its argument prototype would still apply.  */
| #ifdef __cplusplus
| extern "C"
| #endif
| char EVP_aes_128_ctr ();
| /* The GNU C library defines this for functions which it implements
|     to always fail with ENOSYS.  Some functions are actually named
|     something starting with __ and the normal name is an alias.  */
| #if defined __stub_EVP_aes_128_ctr || defined __stub___EVP_aes_128_ctr
| choke me
| #endif
| 
| int
| main ()
| {
| return EVP_aes_128_ctr ();
|   ;
|   return 0;
| }
configure:17009: result: no
configure:17543: checking for libz
configure:17562: /Applications/Xcode.app/Contents/Developer/Toolchains/XcodeDefault.xctoolchain/usr/bin/clang -isysroot /Applications/Xcode.app/Contents/Developer/Platforms/iPhoneOS.platform/Developer/SDKs/iPhoneOS11.2.sdk -arch arm64 -miphoneos-version-min=8.0 -fembed-bitcode  -o conftest  -DLIBSSH2_DARWIN -I/Users/michael.brown/Documents/Projects/Libraries/libssh2/libssh2-1.8.0/../../libssl/iPhoneOS/include  conftest.c  -lz >&5
configure:17562: $? = 0
configure:17572: result: yes
configure:17579: checking how to link with libz
configure:17581: result: -lz
configure:17660: WARNING: secure clearing/zeroing of memory is not supported by the selected crypto backend
configure:17675: checking whether to enable pedantic and debug compiler options
configure:17681: result: no
configure:17814: checking whether to enable hidden symbols in the library
configure:17855: result: no
configure:17862: checking whether to build example applications
configure:17878: result: yes
configure:17894: checking errno.h usability
configure:17894: /Applications/Xcode.app/Contents/Developer/Toolchains/XcodeDefault.xctoolchain/usr/bin/clang -isysroot /Applications/Xcode.app/Contents/Developer/Platforms/iPhoneOS.platform/Developer/SDKs/iPhoneOS11.2.sdk -arch arm64 -miphoneos-version-min=8.0 -fembed-bitcode  -c  -DLIBSSH2_DARWIN -I/Users/michael.brown/Documents/Projects/Libraries/libssh2/libssh2-1.8.0/../../libssl/iPhoneOS/include conftest.c >&5
configure:17894: $? = 0
configure:17894: result: yes
configure:17894: checking errno.h presence
configure:17894: /Applications/Xcode.app/Contents/Developer/Toolchains/XcodeDefault.xctoolchain/usr/bin/clang -E -isysroot /Applications/Xcode.app/Contents/Developer/Platforms/iPhoneOS.platform/Developer/SDKs/iPhoneOS11.2.sdk -arch arm64 -miphoneos-version-min=8.0 -fembed-bitcode  -I/Users/michael.brown/Documents/Projects/Libraries/libssh2/libssh2-1.8.0/../../libssl/iPhoneOS/include conftest.c
configure:17894: $? = 0
configure:17894: result: yes
configure:17894: checking for errno.h
configure:17894: result: yes
configure:17894: checking fcntl.h usability
configure:17894: /Applications/Xcode.app/Contents/Developer/Toolchains/XcodeDefault.xctoolchain/usr/bin/clang -isysroot /Applications/Xcode.app/Contents/Developer/Platforms/iPhoneOS.platform/Developer/SDKs/iPhoneOS11.2.sdk -arch arm64 -miphoneos-version-min=8.0 -fembed-bitcode  -c  -DLIBSSH2_DARWIN -I/Users/michael.brown/Documents/Projects/Libraries/libssh2/libssh2-1.8.0/../../libssl/iPhoneOS/include conftest.c >&5
configure:17894: $? = 0
configure:17894: result: yes
configure:17894: checking fcntl.h presence
configure:17894: /Applications/Xcode.app/Contents/Developer/Toolchains/XcodeDefault.xctoolchain/usr/bin/clang -E -isysroot /Applications/Xcode.app/Contents/Developer/Platforms/iPhoneOS.platform/Developer/SDKs/iPhoneOS11.2.sdk -arch arm64 -miphoneos-version-min=8.0 -fembed-bitcode  -I/Users/michael.brown/Documents/Projects/Libraries/libssh2/libssh2-1.8.0/../../libssl/iPhoneOS/include conftest.c
configure:17894: $? = 0
configure:17894: result: yes
configure:17894: checking for fcntl.h
configure:17894: result: yes
configure:17894: checking stdio.h usability
configure:17894: /Applications/Xcode.app/Contents/Developer/Toolchains/XcodeDefault.xctoolchain/usr/bin/clang -isysroot /Applications/Xcode.app/Contents/Developer/Platforms/iPhoneOS.platform/Developer/SDKs/iPhoneOS11.2.sdk -arch arm64 -miphoneos-version-min=8.0 -fembed-bitcode  -c  -DLIBSSH2_DARWIN -I/Users/michael.brown/Documents/Projects/Libraries/libssh2/libssh2-1.8.0/../../libssl/iPhoneOS/include conftest.c >&5
configure:17894: $? = 0
configure:17894: result: yes
configure:17894: checking stdio.h presence
configure:17894: /Applications/Xcode.app/Contents/Developer/Toolchains/XcodeDefault.xctoolchain/usr/bin/clang -E -isysroot /Applications/Xcode.app/Contents/Developer/Platforms/iPhoneOS.platform/Developer/SDKs/iPhoneOS11.2.sdk -arch arm64 -miphoneos-version-min=8.0 -fembed-bitcode  -I/Users/michael.brown/Documents/Projects/Libraries/libssh2/libssh2-1.8.0/../../libssl/iPhoneOS/include conftest.c
configure:17894: $? = 0
configure:17894: result: yes
configure:17894: checking for stdio.h
configure:17894: result: yes
configure:17894: checking for stdlib.h
configure:17894: result: yes
configure:17894: checking for unistd.h
configure:17894: result: yes
configure:17894: checking sys/uio.h usability
configure:17894: /Applications/Xcode.app/Contents/Developer/Toolchains/XcodeDefault.xctoolchain/usr/bin/clang -isysroot /Applications/Xcode.app/Contents/Developer/Platforms/iPhoneOS.platform/Developer/SDKs/iPhoneOS11.2.sdk -arch arm64 -miphoneos-version-min=8.0 -fembed-bitcode  -c  -DLIBSSH2_DARWIN -I/Users/michael.brown/Documents/Projects/Libraries/libssh2/libssh2-1.8.0/../../libssl/iPhoneOS/include conftest.c >&5
configure:17894: $? = 0
configure:17894: result: yes
configure:17894: checking sys/uio.h presence
configure:17894: /Applications/Xcode.app/Contents/Developer/Toolchains/XcodeDefault.xctoolchain/usr/bin/clang -E -isysroot /Applications/Xcode.app/Contents/Developer/Platforms/iPhoneOS.platform/Developer/SDKs/iPhoneOS11.2.sdk -arch arm64 -miphoneos-version-min=8.0 -fembed-bitcode  -I/Users/michael.brown/Documents/Projects/Libraries/libssh2/libssh2-1.8.0/../../libssl/iPhoneOS/include conftest.c
configure:17894: $? = 0
configure:17894: result: yes
configure:17894: checking for sys/uio.h
configure:17894: result: yes
configure:17907: checking sys/select.h usability
configure:17907: /Applications/Xcode.app/Contents/Developer/Toolchains/XcodeDefault.xctoolchain/usr/bin/clang -isysroot /Applications/Xcode.app/Contents/Developer/Platforms/iPhoneOS.platform/Developer/SDKs/iPhoneOS11.2.sdk -arch arm64 -miphoneos-version-min=8.0 -fembed-bitcode  -c  -DLIBSSH2_DARWIN -I/Users/michael.brown/Documents/Projects/Libraries/libssh2/libssh2-1.8.0/../../libssl/iPhoneOS/include conftest.c >&5
configure:17907: $? = 0
configure:17907: result: yes
configure:17907: checking sys/select.h presence
configure:17907: /Applications/Xcode.app/Contents/Developer/Toolchains/XcodeDefault.xctoolchain/usr/bin/clang -E -isysroot /Applications/Xcode.app/Contents/Developer/Platforms/iPhoneOS.platform/Developer/SDKs/iPhoneOS11.2.sdk -arch arm64 -miphoneos-version-min=8.0 -fembed-bitcode  -I/Users/michael.brown/Documents/Projects/Libraries/libssh2/libssh2-1.8.0/../../libssl/iPhoneOS/include conftest.c
configure:17907: $? = 0
configure:17907: result: yes
configure:17907: checking for sys/select.h
configure:17907: result: yes
configure:17907: checking sys/socket.h usability
configure:17907: /Applications/Xcode.app/Contents/Developer/Toolchains/XcodeDefault.xctoolchain/usr/bin/clang -isysroot /Applications/Xcode.app/Contents/Developer/Platforms/iPhoneOS.platform/Developer/SDKs/iPhoneOS11.2.sdk -arch arm64 -miphoneos-version-min=8.0 -fembed-bitcode  -c  -DLIBSSH2_DARWIN -I/Users/michael.brown/Documents/Projects/Libraries/libssh2/libssh2-1.8.0/../../libssl/iPhoneOS/include conftest.c >&5
configure:17907: $? = 0
configure:17907: result: yes
configure:17907: checking sys/socket.h presence
configure:17907: /Applications/Xcode.app/Contents/Developer/Toolchains/XcodeDefault.xctoolchain/usr/bin/clang -E -isysroot /Applications/Xcode.app/Contents/Developer/Platforms/iPhoneOS.platform/Developer/SDKs/iPhoneOS11.2.sdk -arch arm64 -miphoneos-version-min=8.0 -fembed-bitcode  -I/Users/michael.brown/Documents/Projects/Libraries/libssh2/libssh2-1.8.0/../../libssl/iPhoneOS/include conftest.c
configure:17907: $? = 0
configure:17907: result: yes
configure:17907: checking for sys/socket.h
configure:17907: result: yes
configure:17907: checking sys/ioctl.h usability
configure:17907: /Applications/Xcode.app/Contents/Developer/Toolchains/XcodeDefault.xctoolchain/usr/bin/clang -isysroot /Applications/Xcode.app/Contents/Developer/Platforms/iPhoneOS.platform/Developer/SDKs/iPhoneOS11.2.sdk -arch arm64 -miphoneos-version-min=8.0 -fembed-bitcode  -c  -DLIBSSH2_DARWIN -I/Users/michael.brown/Documents/Projects/Libraries/libssh2/libssh2-1.8.0/../../libssl/iPhoneOS/include conftest.c >&5
configure:17907: $? = 0
configure:17907: result: yes
configure:17907: checking sys/ioctl.h presence
configure:17907: /Applications/Xcode.app/Contents/Developer/Toolchains/XcodeDefault.xctoolchain/usr/bin/clang -E -isysroot /Applications/Xcode.app/Contents/Developer/Platforms/iPhoneOS.platform/Developer/SDKs/iPhoneOS11.2.sdk -arch arm64 -miphoneos-version-min=8.0 -fembed-bitcode  -I/Users/michael.brown/Documents/Projects/Libraries/libssh2/libssh2-1.8.0/../../libssl/iPhoneOS/include conftest.c
configure:17907: $? = 0
configure:17907: result: yes
configure:17907: checking for sys/ioctl.h
configure:17907: result: yes
configure:17907: checking sys/time.h usability
configure:17907: /Applications/Xcode.app/Contents/Developer/Toolchains/XcodeDefault.xctoolchain/usr/bin/clang -isysroot /Applications/Xcode.app/Contents/Developer/Platforms/iPhoneOS.platform/Developer/SDKs/iPhoneOS11.2.sdk -arch arm64 -miphoneos-version-min=8.0 -fembed-bitcode  -c  -DLIBSSH2_DARWIN -I/Users/michael.brown/Documents/Projects/Libraries/libssh2/libssh2-1.8.0/../../libssl/iPhoneOS/include conftest.c >&5
configure:17907: $? = 0
configure:17907: result: yes
configure:17907: checking sys/time.h presence
configure:17907: /Applications/Xcode.app/Contents/Developer/Toolchains/XcodeDefault.xctoolchain/usr/bin/clang -E -isysroot /Applications/Xcode.app/Contents/Developer/Platforms/iPhoneOS.platform/Developer/SDKs/iPhoneOS11.2.sdk -arch arm64 -miphoneos-version-min=8.0 -fembed-bitcode  -I/Users/michael.brown/Documents/Projects/Libraries/libssh2/libssh2-1.8.0/../../libssl/iPhoneOS/include conftest.c
configure:17907: $? = 0
configure:17907: result: yes
configure:17907: checking for sys/time.h
configure:17907: result: yes
configure:17920: checking arpa/inet.h usability
configure:17920: /Applications/Xcode.app/Contents/Developer/Toolchains/XcodeDefault.xctoolchain/usr/bin/clang -isysroot /Applications/Xcode.app/Contents/Developer/Platforms/iPhoneOS.platform/Developer/SDKs/iPhoneOS11.2.sdk -arch arm64 -miphoneos-version-min=8.0 -fembed-bitcode  -c  -DLIBSSH2_DARWIN -I/Users/michael.brown/Documents/Projects/Libraries/libssh2/libssh2-1.8.0/../../libssl/iPhoneOS/include conftest.c >&5
configure:17920: $? = 0
configure:17920: result: yes
configure:17920: checking arpa/inet.h presence
configure:17920: /Applications/Xcode.app/Contents/Developer/Toolchains/XcodeDefault.xctoolchain/usr/bin/clang -E -isysroot /Applications/Xcode.app/Contents/Developer/Platforms/iPhoneOS.platform/Developer/SDKs/iPhoneOS11.2.sdk -arch arm64 -miphoneos-version-min=8.0 -fembed-bitcode  -I/Users/michael.brown/Documents/Projects/Libraries/libssh2/libssh2-1.8.0/../../libssl/iPhoneOS/include conftest.c
configure:17920: $? = 0
configure:17920: result: yes
configure:17920: checking for arpa/inet.h
configure:17920: result: yes
configure:17920: checking netinet/in.h usability
configure:17920: /Applications/Xcode.app/Contents/Developer/Toolchains/XcodeDefault.xctoolchain/usr/bin/clang -isysroot /Applications/Xcode.app/Contents/Developer/Platforms/iPhoneOS.platform/Developer/SDKs/iPhoneOS11.2.sdk -arch arm64 -miphoneos-version-min=8.0 -fembed-bitcode  -c  -DLIBSSH2_DARWIN -I/Users/michael.brown/Documents/Projects/Libraries/libssh2/libssh2-1.8.0/../../libssl/iPhoneOS/include conftest.c >&5
configure:17920: $? = 0
configure:17920: result: yes
configure:17920: checking netinet/in.h presence
configure:17920: /Applications/Xcode.app/Contents/Developer/Toolchains/XcodeDefault.xctoolchain/usr/bin/clang -E -isysroot /Applications/Xcode.app/Contents/Developer/Platforms/iPhoneOS.platform/Developer/SDKs/iPhoneOS11.2.sdk -arch arm64 -miphoneos-version-min=8.0 -fembed-bitcode  -I/Users/michael.brown/Documents/Projects/Libraries/libssh2/libssh2-1.8.0/../../libssl/iPhoneOS/include conftest.c
configure:17920: $? = 0
configure:17920: result: yes
configure:17920: checking for netinet/in.h
configure:17920: result: yes
configure:17932: checking sys/un.h usability
configure:17932: /Applications/Xcode.app/Contents/Developer/Toolchains/XcodeDefault.xctoolchain/usr/bin/clang -isysroot /Applications/Xcode.app/Contents/Developer/Platforms/iPhoneOS.platform/Developer/SDKs/iPhoneOS11.2.sdk -arch arm64 -miphoneos-version-min=8.0 -fembed-bitcode  -c  -DLIBSSH2_DARWIN -I/Users/michael.brown/Documents/Projects/Libraries/libssh2/libssh2-1.8.0/../../libssl/iPhoneOS/include conftest.c >&5
configure:17932: $? = 0
configure:17932: result: yes
configure:17932: checking sys/un.h presence
configure:17932: /Applications/Xcode.app/Contents/Developer/Toolchains/XcodeDefault.xctoolchain/usr/bin/clang -E -isysroot /Applications/Xcode.app/Contents/Developer/Platforms/iPhoneOS.platform/Developer/SDKs/iPhoneOS11.2.sdk -arch arm64 -miphoneos-version-min=8.0 -fembed-bitcode  -I/Users/michael.brown/Documents/Projects/Libraries/libssh2/libssh2-1.8.0/../../libssl/iPhoneOS/include conftest.c
configure:17932: $? = 0
configure:17932: result: yes
configure:17932: checking for sys/un.h
configure:17932: result: yes
configure:17961: checking windows.h usability
configure:17961: /Applications/Xcode.app/Contents/Developer/Toolchains/XcodeDefault.xctoolchain/usr/bin/clang -isysroot /Applications/Xcode.app/Contents/Developer/Platforms/iPhoneOS.platform/Developer/SDKs/iPhoneOS11.2.sdk -arch arm64 -miphoneos-version-min=8.0 -fembed-bitcode  -c  -DLIBSSH2_DARWIN -I/Users/michael.brown/Documents/Projects/Libraries/libssh2/libssh2-1.8.0/../../libssl/iPhoneOS/include conftest.c >&5
conftest.c:75:10: fatal error: 'windows.h' file not found
#include <windows.h>
         ^~~~~~~~~~~
1 error generated.
configure:17961: $? = 1
configure: failed program was:
| /* confdefs.h */
| #define PACKAGE_NAME "libssh2"
| #define PACKAGE_TARNAME "libssh2"
| #define PACKAGE_VERSION "-"
| #define PACKAGE_STRING "libssh2 -"
| #define PACKAGE_BUGREPORT "libssh2-devel@cool.haxx.se"
| #define PACKAGE_URL ""
| #define PACKAGE "libssh2"
| #define VERSION "-"
| #define STDC_HEADERS 1
| #define HAVE_SYS_TYPES_H 1
| #define HAVE_SYS_STAT_H 1
| #define HAVE_STDLIB_H 1
| #define HAVE_STRING_H 1
| #define HAVE_MEMORY_H 1
| #define HAVE_STRINGS_H 1
| #define HAVE_INTTYPES_H 1
| #define HAVE_STDINT_H 1
| #define HAVE_UNISTD_H 1
| #define HAVE_LONGLONG 1
| #define HAVE_DLFCN_H 1
| #define LT_OBJDIR ".libs/"
| #define HAVE_LIBSSL 1
| #define LIBSSH2_OPENSSL 1
| #define HAVE_LIBZ 1
| #define LIBSSH2_HAVE_ZLIB 1
| #define LIBSSH2_DH_GEX_NEW 1
| #define HAVE_ERRNO_H 1
| #define HAVE_FCNTL_H 1
| #define HAVE_STDIO_H 1
| #define HAVE_STDLIB_H 1
| #define HAVE_UNISTD_H 1
| #define HAVE_SYS_UIO_H 1
| #define HAVE_SYS_SELECT_H 1
| #define HAVE_SYS_SOCKET_H 1
| #define HAVE_SYS_IOCTL_H 1
| #define HAVE_SYS_TIME_H 1
| #define HAVE_ARPA_INET_H 1
| #define HAVE_NETINET_IN_H 1
| #define HAVE_SYS_UN_H 1
| /* end confdefs.h.  */
| #include <stdio.h>
| #ifdef HAVE_SYS_TYPES_H
| # include <sys/types.h>
| #endif
| #ifdef HAVE_SYS_STAT_H
| # include <sys/stat.h>
| #endif
| #ifdef STDC_HEADERS
| # include <stdlib.h>
| # include <stddef.h>
| #else
| # ifdef HAVE_STDLIB_H
| #  include <stdlib.h>
| # endif
| #endif
| #ifdef HAVE_STRING_H
| # if !defined STDC_HEADERS && defined HAVE_MEMORY_H
| #  include <memory.h>
| # endif
| # include <string.h>
| #endif
| #ifdef HAVE_STRINGS_H
| # include <strings.h>
| #endif
| #ifdef HAVE_INTTYPES_H
| # include <inttypes.h>
| #endif
| #ifdef HAVE_STDINT_H
| # include <stdint.h>
| #endif
| #ifdef HAVE_UNISTD_H
| # include <unistd.h>
| #endif
| #include <windows.h>
configure:17961: result: no
configure:17961: checking windows.h presence
configure:17961: /Applications/Xcode.app/Contents/Developer/Toolchains/XcodeDefault.xctoolchain/usr/bin/clang -E -isysroot /Applications/Xcode.app/Contents/Developer/Platforms/iPhoneOS.platform/Developer/SDKs/iPhoneOS11.2.sdk -arch arm64 -miphoneos-version-min=8.0 -fembed-bitcode  -I/Users/michael.brown/Documents/Projects/Libraries/libssh2/libssh2-1.8.0/../../libssl/iPhoneOS/include conftest.c
conftest.c:42:10: fatal error: 'windows.h' file not found
#include <windows.h>
         ^~~~~~~~~~~
1 error generated.
configure:17961: $? = 1
configure: failed program was:
| /* confdefs.h */
| #define PACKAGE_NAME "libssh2"
| #define PACKAGE_TARNAME "libssh2"
| #define PACKAGE_VERSION "-"
| #define PACKAGE_STRING "libssh2 -"
| #define PACKAGE_BUGREPORT "libssh2-devel@cool.haxx.se"
| #define PACKAGE_URL ""
| #define PACKAGE "libssh2"
| #define VERSION "-"
| #define STDC_HEADERS 1
| #define HAVE_SYS_TYPES_H 1
| #define HAVE_SYS_STAT_H 1
| #define HAVE_STDLIB_H 1
| #define HAVE_STRING_H 1
| #define HAVE_MEMORY_H 1
| #define HAVE_STRINGS_H 1
| #define HAVE_INTTYPES_H 1
| #define HAVE_STDINT_H 1
| #define HAVE_UNISTD_H 1
| #define HAVE_LONGLONG 1
| #define HAVE_DLFCN_H 1
| #define LT_OBJDIR ".libs/"
| #define HAVE_LIBSSL 1
| #define LIBSSH2_OPENSSL 1
| #define HAVE_LIBZ 1
| #define LIBSSH2_HAVE_ZLIB 1
| #define LIBSSH2_DH_GEX_NEW 1
| #define HAVE_ERRNO_H 1
| #define HAVE_FCNTL_H 1
| #define HAVE_STDIO_H 1
| #define HAVE_STDLIB_H 1
| #define HAVE_UNISTD_H 1
| #define HAVE_SYS_UIO_H 1
| #define HAVE_SYS_SELECT_H 1
| #define HAVE_SYS_SOCKET_H 1
| #define HAVE_SYS_IOCTL_H 1
| #define HAVE_SYS_TIME_H 1
| #define HAVE_ARPA_INET_H 1
| #define HAVE_NETINET_IN_H 1
| #define HAVE_SYS_UN_H 1
| /* end confdefs.h.  */
| #include <windows.h>
configure:17961: result: no
configure:17961: checking for windows.h
configure:17961: result: no
configure:17961: checking winsock2.h usability
configure:17961: /Applications/Xcode.app/Contents/Developer/Toolchains/XcodeDefault.xctoolchain/usr/bin/clang -isysroot /Applications/Xcode.app/Contents/Developer/Platforms/iPhoneOS.platform/Developer/SDKs/iPhoneOS11.2.sdk -arch arm64 -miphoneos-version-min=8.0 -fembed-bitcode  -c  -DLIBSSH2_DARWIN -I/Users/michael.brown/Documents/Projects/Libraries/libssh2/libssh2-1.8.0/../../libssl/iPhoneOS/include conftest.c >&5
conftest.c:75:10: fatal error: 'winsock2.h' file not found
#include <winsock2.h>
         ^~~~~~~~~~~~
1 error generated.
configure:17961: $? = 1
configure: failed program was:
| /* confdefs.h */
| #define PACKAGE_NAME "libssh2"
| #define PACKAGE_TARNAME "libssh2"
| #define PACKAGE_VERSION "-"
| #define PACKAGE_STRING "libssh2 -"
| #define PACKAGE_BUGREPORT "libssh2-devel@cool.haxx.se"
| #define PACKAGE_URL ""
| #define PACKAGE "libssh2"
| #define VERSION "-"
| #define STDC_HEADERS 1
| #define HAVE_SYS_TYPES_H 1
| #define HAVE_SYS_STAT_H 1
| #define HAVE_STDLIB_H 1
| #define HAVE_STRING_H 1
| #define HAVE_MEMORY_H 1
| #define HAVE_STRINGS_H 1
| #define HAVE_INTTYPES_H 1
| #define HAVE_STDINT_H 1
| #define HAVE_UNISTD_H 1
| #define HAVE_LONGLONG 1
| #define HAVE_DLFCN_H 1
| #define LT_OBJDIR ".libs/"
| #define HAVE_LIBSSL 1
| #define LIBSSH2_OPENSSL 1
| #define HAVE_LIBZ 1
| #define LIBSSH2_HAVE_ZLIB 1
| #define LIBSSH2_DH_GEX_NEW 1
| #define HAVE_ERRNO_H 1
| #define HAVE_FCNTL_H 1
| #define HAVE_STDIO_H 1
| #define HAVE_STDLIB_H 1
| #define HAVE_UNISTD_H 1
| #define HAVE_SYS_UIO_H 1
| #define HAVE_SYS_SELECT_H 1
| #define HAVE_SYS_SOCKET_H 1
| #define HAVE_SYS_IOCTL_H 1
| #define HAVE_SYS_TIME_H 1
| #define HAVE_ARPA_INET_H 1
| #define HAVE_NETINET_IN_H 1
| #define HAVE_SYS_UN_H 1
| /* end confdefs.h.  */
| #include <stdio.h>
| #ifdef HAVE_SYS_TYPES_H
| # include <sys/types.h>
| #endif
| #ifdef HAVE_SYS_STAT_H
| # include <sys/stat.h>
| #endif
| #ifdef STDC_HEADERS
| # include <stdlib.h>
| # include <stddef.h>
| #else
| # ifdef HAVE_STDLIB_H
| #  include <stdlib.h>
| # endif
| #endif
| #ifdef HAVE_STRING_H
| # if !defined STDC_HEADERS && defined HAVE_MEMORY_H
| #  include <memory.h>
| # endif
| # include <string.h>
| #endif
| #ifdef HAVE_STRINGS_H
| # include <strings.h>
| #endif
| #ifdef HAVE_INTTYPES_H
| # include <inttypes.h>
| #endif
| #ifdef HAVE_STDINT_H
| # include <stdint.h>
| #endif
| #ifdef HAVE_UNISTD_H
| # include <unistd.h>
| #endif
| #include <winsock2.h>
configure:17961: result: no
configure:17961: checking winsock2.h presence
configure:17961: /Applications/Xcode.app/Contents/Developer/Toolchains/XcodeDefault.xctoolchain/usr/bin/clang -E -isysroot /Applications/Xcode.app/Contents/Developer/Platforms/iPhoneOS.platform/Developer/SDKs/iPhoneOS11.2.sdk -arch arm64 -miphoneos-version-min=8.0 -fembed-bitcode  -I/Users/michael.brown/Documents/Projects/Libraries/libssh2/libssh2-1.8.0/../../libssl/iPhoneOS/include conftest.c
conftest.c:42:10: fatal error: 'winsock2.h' file not found
#include <winsock2.h>
         ^~~~~~~~~~~~
1 error generated.
configure:17961: $? = 1
configure: failed program was:
| /* confdefs.h */
| #define PACKAGE_NAME "libssh2"
| #define PACKAGE_TARNAME "libssh2"
| #define PACKAGE_VERSION "-"
| #define PACKAGE_STRING "libssh2 -"
| #define PACKAGE_BUGREPORT "libssh2-devel@cool.haxx.se"
| #define PACKAGE_URL ""
| #define PACKAGE "libssh2"
| #define VERSION "-"
| #define STDC_HEADERS 1
| #define HAVE_SYS_TYPES_H 1
| #define HAVE_SYS_STAT_H 1
| #define HAVE_STDLIB_H 1
| #define HAVE_STRING_H 1
| #define HAVE_MEMORY_H 1
| #define HAVE_STRINGS_H 1
| #define HAVE_INTTYPES_H 1
| #define HAVE_STDINT_H 1
| #define HAVE_UNISTD_H 1
| #define HAVE_LONGLONG 1
| #define HAVE_DLFCN_H 1
| #define LT_OBJDIR ".libs/"
| #define HAVE_LIBSSL 1
| #define LIBSSH2_OPENSSL 1
| #define HAVE_LIBZ 1
| #define LIBSSH2_HAVE_ZLIB 1
| #define LIBSSH2_DH_GEX_NEW 1
| #define HAVE_ERRNO_H 1
| #define HAVE_FCNTL_H 1
| #define HAVE_STDIO_H 1
| #define HAVE_STDLIB_H 1
| #define HAVE_UNISTD_H 1
| #define HAVE_SYS_UIO_H 1
| #define HAVE_SYS_SELECT_H 1
| #define HAVE_SYS_SOCKET_H 1
| #define HAVE_SYS_IOCTL_H 1
| #define HAVE_SYS_TIME_H 1
| #define HAVE_ARPA_INET_H 1
| #define HAVE_NETINET_IN_H 1
| #define HAVE_SYS_UN_H 1
| /* end confdefs.h.  */
| #include <winsock2.h>
configure:17961: result: no
configure:17961: checking for winsock2.h
configure:17961: result: no
configure:17961: checking ws2tcpip.h usability
configure:17961: /Applications/Xcode.app/Contents/Developer/Toolchains/XcodeDefault.xctoolchain/usr/bin/clang -isysroot /Applications/Xcode.app/Contents/Developer/Platforms/iPhoneOS.platform/Developer/SDKs/iPhoneOS11.2.sdk -arch arm64 -miphoneos-version-min=8.0 -fembed-bitcode  -c  -DLIBSSH2_DARWIN -I/Users/michael.brown/Documents/Projects/Libraries/libssh2/libssh2-1.8.0/../../libssl/iPhoneOS/include conftest.c >&5
conftest.c:75:10: fatal error: 'ws2tcpip.h' file not found
#include <ws2tcpip.h>
         ^~~~~~~~~~~~
1 error generated.
configure:17961: $? = 1
configure: failed program was:
| /* confdefs.h */
| #define PACKAGE_NAME "libssh2"
| #define PACKAGE_TARNAME "libssh2"
| #define PACKAGE_VERSION "-"
| #define PACKAGE_STRING "libssh2 -"
| #define PACKAGE_BUGREPORT "libssh2-devel@cool.haxx.se"
| #define PACKAGE_URL ""
| #define PACKAGE "libssh2"
| #define VERSION "-"
| #define STDC_HEADERS 1
| #define HAVE_SYS_TYPES_H 1
| #define HAVE_SYS_STAT_H 1
| #define HAVE_STDLIB_H 1
| #define HAVE_STRING_H 1
| #define HAVE_MEMORY_H 1
| #define HAVE_STRINGS_H 1
| #define HAVE_INTTYPES_H 1
| #define HAVE_STDINT_H 1
| #define HAVE_UNISTD_H 1
| #define HAVE_LONGLONG 1
| #define HAVE_DLFCN_H 1
| #define LT_OBJDIR ".libs/"
| #define HAVE_LIBSSL 1
| #define LIBSSH2_OPENSSL 1
| #define HAVE_LIBZ 1
| #define LIBSSH2_HAVE_ZLIB 1
| #define LIBSSH2_DH_GEX_NEW 1
| #define HAVE_ERRNO_H 1
| #define HAVE_FCNTL_H 1
| #define HAVE_STDIO_H 1
| #define HAVE_STDLIB_H 1
| #define HAVE_UNISTD_H 1
| #define HAVE_SYS_UIO_H 1
| #define HAVE_SYS_SELECT_H 1
| #define HAVE_SYS_SOCKET_H 1
| #define HAVE_SYS_IOCTL_H 1
| #define HAVE_SYS_TIME_H 1
| #define HAVE_ARPA_INET_H 1
| #define HAVE_NETINET_IN_H 1
| #define HAVE_SYS_UN_H 1
| /* end confdefs.h.  */
| #include <stdio.h>
| #ifdef HAVE_SYS_TYPES_H
| # include <sys/types.h>
| #endif
| #ifdef HAVE_SYS_STAT_H
| # include <sys/stat.h>
| #endif
| #ifdef STDC_HEADERS
| # include <stdlib.h>
| # include <stddef.h>
| #else
| # ifdef HAVE_STDLIB_H
| #  include <stdlib.h>
| # endif
| #endif
| #ifdef HAVE_STRING_H
| # if !defined STDC_HEADERS && defined HAVE_MEMORY_H
| #  include <memory.h>
| # endif
| # include <string.h>
| #endif
| #ifdef HAVE_STRINGS_H
| # include <strings.h>
| #endif
| #ifdef HAVE_INTTYPES_H
| # include <inttypes.h>
| #endif
| #ifdef HAVE_STDINT_H
| # include <stdint.h>
| #endif
| #ifdef HAVE_UNISTD_H
| # include <unistd.h>
| #endif
| #include <ws2tcpip.h>
configure:17961: result: no
configure:17961: checking ws2tcpip.h presence
configure:17961: /Applications/Xcode.app/Contents/Developer/Toolchains/XcodeDefault.xctoolchain/usr/bin/clang -E -isysroot /Applications/Xcode.app/Contents/Developer/Platforms/iPhoneOS.platform/Developer/SDKs/iPhoneOS11.2.sdk -arch arm64 -miphoneos-version-min=8.0 -fembed-bitcode  -I/Users/michael.brown/Documents/Projects/Libraries/libssh2/libssh2-1.8.0/../../libssl/iPhoneOS/include conftest.c
conftest.c:42:10: fatal error: 'ws2tcpip.h' file not found
#include <ws2tcpip.h>
         ^~~~~~~~~~~~
1 error generated.
configure:17961: $? = 1
configure: failed program was:
| /* confdefs.h */
| #define PACKAGE_NAME "libssh2"
| #define PACKAGE_TARNAME "libssh2"
| #define PACKAGE_VERSION "-"
| #define PACKAGE_STRING "libssh2 -"
| #define PACKAGE_BUGREPORT "libssh2-devel@cool.haxx.se"
| #define PACKAGE_URL ""
| #define PACKAGE "libssh2"
| #define VERSION "-"
| #define STDC_HEADERS 1
| #define HAVE_SYS_TYPES_H 1
| #define HAVE_SYS_STAT_H 1
| #define HAVE_STDLIB_H 1
| #define HAVE_STRING_H 1
| #define HAVE_MEMORY_H 1
| #define HAVE_STRINGS_H 1
| #define HAVE_INTTYPES_H 1
| #define HAVE_STDINT_H 1
| #define HAVE_UNISTD_H 1
| #define HAVE_LONGLONG 1
| #define HAVE_DLFCN_H 1
| #define LT_OBJDIR ".libs/"
| #define HAVE_LIBSSL 1
| #define LIBSSH2_OPENSSL 1
| #define HAVE_LIBZ 1
| #define LIBSSH2_HAVE_ZLIB 1
| #define LIBSSH2_DH_GEX_NEW 1
| #define HAVE_ERRNO_H 1
| #define HAVE_FCNTL_H 1
| #define HAVE_STDIO_H 1
| #define HAVE_STDLIB_H 1
| #define HAVE_UNISTD_H 1
| #define HAVE_SYS_UIO_H 1
| #define HAVE_SYS_SELECT_H 1
| #define HAVE_SYS_SOCKET_H 1
| #define HAVE_SYS_IOCTL_H 1
| #define HAVE_SYS_TIME_H 1
| #define HAVE_ARPA_INET_H 1
| #define HAVE_NETINET_IN_H 1
| #define HAVE_SYS_UN_H 1
| /* end confdefs.h.  */
| #include <ws2tcpip.h>
configure:17961: result: no
configure:17961: checking for ws2tcpip.h
configure:17961: result: no
configure:17976: poll use is disabled on this platform
configure:17997: checking for gettimeofday
configure:17997: /Applications/Xcode.app/Contents/Developer/Toolchains/XcodeDefault.xctoolchain/usr/bin/clang -isysroot /Applications/Xcode.app/Contents/Developer/Platforms/iPhoneOS.platform/Developer/SDKs/iPhoneOS11.2.sdk -arch arm64 -miphoneos-version-min=8.0 -fembed-bitcode  -o conftest  -DLIBSSH2_DARWIN -I/Users/michael.brown/Documents/Projects/Libraries/libssh2/libssh2-1.8.0/../../libssl/iPhoneOS/include  conftest.c  >&5
configure:17997: $? = 0
configure:17997: result: yes
configure:17997: checking for select
configure:17997: /Applications/Xcode.app/Contents/Developer/Toolchains/XcodeDefault.xctoolchain/usr/bin/clang -isysroot /Applications/Xcode.app/Contents/Developer/Platforms/iPhoneOS.platform/Developer/SDKs/iPhoneOS11.2.sdk -arch arm64 -miphoneos-version-min=8.0 -fembed-bitcode  -o conftest  -DLIBSSH2_DARWIN -I/Users/michael.brown/Documents/Projects/Libraries/libssh2/libssh2-1.8.0/../../libssl/iPhoneOS/include  conftest.c  >&5
configure:17997: $? = 0
configure:17997: result: yes
configure:17997: checking for strtoll
configure:17997: /Applications/Xcode.app/Contents/Developer/Toolchains/XcodeDefault.xctoolchain/usr/bin/clang -isysroot /Applications/Xcode.app/Contents/Developer/Platforms/iPhoneOS.platform/Developer/SDKs/iPhoneOS11.2.sdk -arch arm64 -miphoneos-version-min=8.0 -fembed-bitcode  -o conftest  -DLIBSSH2_DARWIN -I/Users/michael.brown/Documents/Projects/Libraries/libssh2/libssh2-1.8.0/../../libssl/iPhoneOS/include  conftest.c  >&5
configure:17997: $? = 0
configure:17997: result: yes
configure:18051: checking for size_t
configure:18051: /Applications/Xcode.app/Contents/Developer/Toolchains/XcodeDefault.xctoolchain/usr/bin/clang -isysroot /Applications/Xcode.app/Contents/Developer/Platforms/iPhoneOS.platform/Developer/SDKs/iPhoneOS11.2.sdk -arch arm64 -miphoneos-version-min=8.0 -fembed-bitcode  -c  -DLIBSSH2_DARWIN -I/Users/michael.brown/Documents/Projects/Libraries/libssh2/libssh2-1.8.0/../../libssl/iPhoneOS/include conftest.c >&5
configure:18051: $? = 0
configure:18051: /Applications/Xcode.app/Contents/Developer/Toolchains/XcodeDefault.xctoolchain/usr/bin/clang -isysroot /Applications/Xcode.app/Contents/Developer/Platforms/iPhoneOS.platform/Developer/SDKs/iPhoneOS11.2.sdk -arch arm64 -miphoneos-version-min=8.0 -fembed-bitcode  -c  -DLIBSSH2_DARWIN -I/Users/michael.brown/Documents/Projects/Libraries/libssh2/libssh2-1.8.0/../../libssl/iPhoneOS/include conftest.c >&5
conftest.c:81:21: error: expected expression
if (sizeof ((size_t)))
                    ^
1 error generated.
configure:18051: $? = 1
configure: failed program was:
| /* confdefs.h */
| #define PACKAGE_NAME "libssh2"
| #define PACKAGE_TARNAME "libssh2"
| #define PACKAGE_VERSION "-"
| #define PACKAGE_STRING "libssh2 -"
| #define PACKAGE_BUGREPORT "libssh2-devel@cool.haxx.se"
| #define PACKAGE_URL ""
| #define PACKAGE "libssh2"
| #define VERSION "-"
| #define STDC_HEADERS 1
| #define HAVE_SYS_TYPES_H 1
| #define HAVE_SYS_STAT_H 1
| #define HAVE_STDLIB_H 1
| #define HAVE_STRING_H 1
| #define HAVE_MEMORY_H 1
| #define HAVE_STRINGS_H 1
| #define HAVE_INTTYPES_H 1
| #define HAVE_STDINT_H 1
| #define HAVE_UNISTD_H 1
| #define HAVE_LONGLONG 1
| #define HAVE_DLFCN_H 1
| #define LT_OBJDIR ".libs/"
| #define HAVE_LIBSSL 1
| #define LIBSSH2_OPENSSL 1
| #define HAVE_LIBZ 1
| #define LIBSSH2_HAVE_ZLIB 1
| #define LIBSSH2_DH_GEX_NEW 1
| #define HAVE_ERRNO_H 1
| #define HAVE_FCNTL_H 1
| #define HAVE_STDIO_H 1
| #define HAVE_STDLIB_H 1
| #define HAVE_UNISTD_H 1
| #define HAVE_SYS_UIO_H 1
| #define HAVE_SYS_SELECT_H 1
| #define HAVE_SYS_SOCKET_H 1
| #define HAVE_SYS_IOCTL_H 1
| #define HAVE_SYS_TIME_H 1
| #define HAVE_ARPA_INET_H 1
| #define HAVE_NETINET_IN_H 1
| #define HAVE_SYS_UN_H 1
| #define HAVE_GETTIMEOFDAY 1
| #define HAVE_SELECT 1
| #define HAVE_STRTOLL 1
| /* end confdefs.h.  */
| #include <stdio.h>
| #ifdef HAVE_SYS_TYPES_H
| # include <sys/types.h>
| #endif
| #ifdef HAVE_SYS_STAT_H
| # include <sys/stat.h>
| #endif
| #ifdef STDC_HEADERS
| # include <stdlib.h>
| # include <stddef.h>
| #else
| # ifdef HAVE_STDLIB_H
| #  include <stdlib.h>
| # endif
| #endif
| #ifdef HAVE_STRING_H
| # if !defined STDC_HEADERS && defined HAVE_MEMORY_H
| #  include <memory.h>
| # endif
| # include <string.h>
| #endif
| #ifdef HAVE_STRINGS_H
| # include <strings.h>
| #endif
| #ifdef HAVE_INTTYPES_H
| # include <inttypes.h>
| #endif
| #ifdef HAVE_STDINT_H
| # include <stdint.h>
| #endif
| #ifdef HAVE_UNISTD_H
| # include <unistd.h>
| #endif
| int
| main ()
| {
| if (sizeof ((size_t)))
| 	    return 0;
|   ;
|   return 0;
| }
configure:18051: result: yes
configure:18064: checking for working alloca.h
configure:18081: /Applications/Xcode.app/Contents/Developer/Toolchains/XcodeDefault.xctoolchain/usr/bin/clang -isysroot /Applications/Xcode.app/Contents/Developer/Platforms/iPhoneOS.platform/Developer/SDKs/iPhoneOS11.2.sdk -arch arm64 -miphoneos-version-min=8.0 -fembed-bitcode  -o conftest  -DLIBSSH2_DARWIN -I/Users/michael.brown/Documents/Projects/Libraries/libssh2/libssh2-1.8.0/../../libssl/iPhoneOS/include  conftest.c  >&5
configure:18081: $? = 0
configure:18089: result: yes
configure:18097: checking for alloca
configure:18134: /Applications/Xcode.app/Contents/Developer/Toolchains/XcodeDefault.xctoolchain/usr/bin/clang -isysroot /Applications/Xcode.app/Contents/Developer/Platforms/iPhoneOS.platform/Developer/SDKs/iPhoneOS11.2.sdk -arch arm64 -miphoneos-version-min=8.0 -fembed-bitcode  -o conftest  -DLIBSSH2_DARWIN -I/Users/michael.brown/Documents/Projects/Libraries/libssh2/libssh2-1.8.0/../../libssl/iPhoneOS/include  conftest.c  >&5
configure:18134: $? = 0
configure:18142: result: yes
configure:18250: checking for an ANSI C-conforming const
configure:18316: /Applications/Xcode.app/Contents/Developer/Toolchains/XcodeDefault.xctoolchain/usr/bin/clang -isysroot /Applications/Xcode.app/Contents/Developer/Platforms/iPhoneOS.platform/Developer/SDKs/iPhoneOS11.2.sdk -arch arm64 -miphoneos-version-min=8.0 -fembed-bitcode  -c  -DLIBSSH2_DARWIN -I/Users/michael.brown/Documents/Projects/Libraries/libssh2/libssh2-1.8.0/../../libssl/iPhoneOS/include conftest.c >&5
configure:18316: $? = 0
configure:18323: result: yes
configure:18331: checking for inline
configure:18347: /Applications/Xcode.app/Contents/Developer/Toolchains/XcodeDefault.xctoolchain/usr/bin/clang -isysroot /Applications/Xcode.app/Contents/Developer/Platforms/iPhoneOS.platform/Developer/SDKs/iPhoneOS11.2.sdk -arch arm64 -miphoneos-version-min=8.0 -fembed-bitcode  -c  -DLIBSSH2_DARWIN -I/Users/michael.brown/Documents/Projects/Libraries/libssh2/libssh2-1.8.0/../../libssl/iPhoneOS/include conftest.c >&5
configure:18347: $? = 0
configure:18355: result: inline
configure:18375: checking non-blocking sockets style
configure:18413: /Applications/Xcode.app/Contents/Developer/Toolchains/XcodeDefault.xctoolchain/usr/bin/clang -isysroot /Applications/Xcode.app/Contents/Developer/Platforms/iPhoneOS.platform/Developer/SDKs/iPhoneOS11.2.sdk -arch arm64 -miphoneos-version-min=8.0 -fembed-bitcode  -c  -DLIBSSH2_DARWIN -I/Users/michael.brown/Documents/Projects/Libraries/libssh2/libssh2-1.8.0/../../libssl/iPhoneOS/include conftest.c >&5
configure:18413: $? = 0
configure:18574: result: O_NONBLOCK
configure:18698: checking that generated files are newer than configure
configure:18704: result: done
configure:18764: creating ./config.status

## ---------------------- ##
## Running config.status. ##
## ---------------------- ##

This file was extended by libssh2 config.status -, which was
generated by GNU Autoconf 2.69.  Invocation command line was

  CONFIG_FILES    = 
  CONFIG_HEADERS  = 
  CONFIG_LINKS    = 
  CONFIG_COMMANDS = 
  $ ./config.status 

on michaels-mbp15.lan

config.status:1166: creating Makefile
config.status:1166: creating src/Makefile
config.status:1166: creating tests/Makefile
config.status:1166: creating example/Makefile
config.status:1166: creating docs/Makefile
config.status:1166: creating libssh2.pc
config.status:1166: creating src/libssh2_config.h
config.status:1347: src/libssh2_config.h is unchanged
config.status:1166: creating example/libssh2_config.h
config.status:1347: example/libssh2_config.h is unchanged
config.status:1395: executing depfiles commands
config.status:1395: executing libtool commands
configure:20932: summary of build options:

  version:          1.8.0
  Host type:        arm-apple-darwin
  Install prefix:   /Users/michael.brown/Documents/Projects/Libraries/libssh2/libssh2-1.8.0/../iPhoneOS-arm64
  Compiler:         /Applications/Xcode.app/Contents/Developer/Toolchains/XcodeDefault.xctoolchain/usr/bin/clang -isysroot /Applications/Xcode.app/Contents/Developer/Platforms/iPhoneOS.platform/Developer/SDKs/iPhoneOS11.2.sdk -arch arm64 -miphoneos-version-min=8.0 -fembed-bitcode 
  Compiler flags:    -DLIBSSH2_DARWIN
  Library types:    Shared=no, Static=yes
  Crypto library:   OpenSSL (AES-CTR: no)
  Clear memory:     unsupported
  Debug build:      no
  Build examples:   yes
  Path to sshd:     /usr/sbin/sshd (only for self-tests)
  zlib compression: yes


## ---------------- ##
## Cache variables. ##
## ---------------- ##

ac_cv_build=x86_64-apple-darwin16.7.0
ac_cv_c_bigendian=no
ac_cv_c_compiler_gnu=yes
ac_cv_c_const=yes
ac_cv_c_inline=inline
ac_cv_env_CC_set=set
ac_cv_env_CC_value='/Applications/Xcode.app/Contents/Developer/Toolchains/XcodeDefault.xctoolchain/usr/bin/clang -isysroot /Applications/Xcode.app/Contents/Developer/Platforms/iPhoneOS.platform/Developer/SDKs/iPhoneOS11.2.sdk -arch arm64 -miphoneos-version-min=8.0 -fembed-bitcode '
ac_cv_env_CFLAGS_set=
ac_cv_env_CFLAGS_value=
ac_cv_env_CPPFLAGS_set=
ac_cv_env_CPPFLAGS_value=
ac_cv_env_CPP_set=set
ac_cv_env_CPP_value='/Applications/Xcode.app/Contents/Developer/Toolchains/XcodeDefault.xctoolchain/usr/bin/clang -E -isysroot /Applications/Xcode.app/Contents/Developer/Platforms/iPhoneOS.platform/Developer/SDKs/iPhoneOS11.2.sdk -arch arm64 -miphoneos-version-min=8.0 -fembed-bitcode '
ac_cv_env_LDFLAGS_set=
ac_cv_env_LDFLAGS_value=
ac_cv_env_LIBS_set=
ac_cv_env_LIBS_value=
ac_cv_env_LT_SYS_LIBRARY_PATH_set=
ac_cv_env_LT_SYS_LIBRARY_PATH_value=
ac_cv_env_build_alias_set=
ac_cv_env_build_alias_value=
ac_cv_env_host_alias_set=set
ac_cv_env_host_alias_value=arm-apple-darwin
ac_cv_env_target_alias_set=
ac_cv_env_target_alias_value=
ac_cv_func_EVP_aes_128_ctr=no
ac_cv_func_alloca_works=yes
ac_cv_func_gettimeofday=yes
ac_cv_func_select=yes
ac_cv_func_strtoll=yes
ac_cv_header_arpa_inet_h=yes
ac_cv_header_dlfcn_h=yes
ac_cv_header_errno_h=yes
ac_cv_header_fcntl_h=yes
ac_cv_header_inttypes_h=yes
ac_cv_header_memory_h=yes
ac_cv_header_netinet_in_h=yes
ac_cv_header_stdc=yes
ac_cv_header_stdint_h=yes
ac_cv_header_stdio_h=yes
ac_cv_header_stdlib_h=yes
ac_cv_header_string_h=yes
ac_cv_header_strings_h=yes
ac_cv_header_sys_ioctl_h=yes
ac_cv_header_sys_select_h=yes
ac_cv_header_sys_socket_h=yes
ac_cv_header_sys_stat_h=yes
ac_cv_header_sys_time_h=yes
ac_cv_header_sys_types_h=yes
ac_cv_header_sys_uio_h=yes
ac_cv_header_sys_un_h=yes
ac_cv_header_unistd_h=yes
ac_cv_header_windows_h=no
ac_cv_header_winsock2_h=no
ac_cv_header_ws2tcpip_h=no
ac_cv_host=arm-apple-darwin
ac_cv_libssl=yes
ac_cv_libz=yes
ac_cv_objext=o
ac_cv_path_EGREP='/usr/bin/grep -E'
ac_cv_path_FGREP='/usr/bin/grep -F'
ac_cv_path_GREP=/usr/bin/grep
ac_cv_path_SED=/usr/bin/sed
ac_cv_path_SSHD=/usr/sbin/sshd
ac_cv_path_install='/usr/bin/install -c'
ac_cv_path_lt_DD=/bin/dd
ac_cv_prog_AR=/Applications/Xcode.app/Contents/Developer/Toolchains/XcodeDefault.xctoolchain/usr/bin/ar
ac_cv_prog_AWK=awk
ac_cv_prog_CC='/Applications/Xcode.app/Contents/Developer/Toolchains/XcodeDefault.xctoolchain/usr/bin/clang -isysroot /Applications/Xcode.app/Contents/Developer/Platforms/iPhoneOS.platform/Developer/SDKs/iPhoneOS11.2.sdk -arch arm64 -miphoneos-version-min=8.0 -fembed-bitcode '
ac_cv_prog_CPP='/Applications/Xcode.app/Contents/Developer/Toolchains/XcodeDefault.xctoolchain/usr/bin/clang -E -isysroot /Applications/Xcode.app/Contents/Developer/Platforms/iPhoneOS.platform/Developer/SDKs/iPhoneOS11.2.sdk -arch arm64 -miphoneos-version-min=8.0 -fembed-bitcode '
ac_cv_prog_DLLTOOL=dlltool
ac_cv_prog_LIPO=/Applications/Xcode.app/Contents/Developer/Toolchains/XcodeDefault.xctoolchain/usr/bin/lipo
ac_cv_prog_OBJDUMP=objdump
ac_cv_prog_RANLIB=/Applications/Xcode.app/Contents/Developer/Toolchains/XcodeDefault.xctoolchain/usr/bin/ranlib
ac_cv_prog_STRIP=/Applications/Xcode.app/Contents/Developer/Toolchains/XcodeDefault.xctoolchain/usr/bin/strip
ac_cv_prog_ac_ct_DSYMUTIL=dsymutil
ac_cv_prog_ac_ct_DUMPBIN='link -dump'
ac_cv_prog_ac_ct_NMEDIT=nmedit
ac_cv_prog_ac_ct_OTOOL=otool
ac_cv_prog_cc_c89=
ac_cv_prog_cc_g=yes
ac_cv_prog_make_make_set=yes
ac_cv_search_inet_addr='none required'
ac_cv_search_socket='none required'
ac_cv_sys_file_offset_bits=no
ac_cv_sys_largefile_CC=no
ac_cv_type_long_long=yes
ac_cv_type_size_t=yes
ac_cv_working_alloca_h=yes
acl_cv_hardcode_direct=no
acl_cv_hardcode_libdir_flag_spec=
acl_cv_hardcode_libdir_separator=
acl_cv_hardcode_minus_L=no
acl_cv_libext=a
acl_cv_libname_spec='lib$name'
acl_cv_library_names_spec='$libname$shrext'
acl_cv_path_LD='/Applications/Xcode.app/Contents/Developer/Toolchains/XcodeDefault.xctoolchain/usr/bin/ld -isysroot /Applications/Xcode.app/Contents/Developer/Platforms/iPhoneOS.platform/Developer/SDKs/iPhoneOS11.2.sdk -arch arm64'
acl_cv_prog_gnu_ld=no
acl_cv_rpath=done
acl_cv_shlibext=dylib
acl_cv_wl=-Wl,
am_cv_CC_dependencies_compiler_type=gcc3
am_cv_make_support_nested_variables=yes
am_cv_prog_cc_c_o=yes
lt_cv_apple_cc_single_mod=yes
lt_cv_ar_at_file=no
lt_cv_deplibs_check_method=pass_all
lt_cv_file_magic_cmd='$MAGIC_CMD'
lt_cv_file_magic_test_file=
lt_cv_ld_exported_symbols_list=yes
lt_cv_ld_force_load=yes
lt_cv_ld_reload_flag=-r
lt_cv_nm_interface='BSD nm'
lt_cv_objdir=.libs
lt_cv_path_LD='/Applications/Xcode.app/Contents/Developer/Toolchains/XcodeDefault.xctoolchain/usr/bin/ld -isysroot /Applications/Xcode.app/Contents/Developer/Platforms/iPhoneOS.platform/Developer/SDKs/iPhoneOS11.2.sdk -arch arm64'
lt_cv_path_NM=no
lt_cv_path_mainfest_tool=no
lt_cv_prog_compiler_c_o=yes
lt_cv_prog_compiler_pic='-fno-common -DPIC'
lt_cv_prog_compiler_pic_works=yes
lt_cv_prog_compiler_rtti_exceptions=yes
lt_cv_prog_compiler_static_works=no
lt_cv_prog_gnu_ld=no
lt_cv_sharedlib_from_linklib_cmd='printf %s\n'
lt_cv_sys_global_symbol_pipe='sed -n -e '\''s/^.*[	 ]\([BCDEGRST][BCDEGRST]*\)[	 ][	 ]*_\([_A-Za-z][_A-Za-z0-9]*\)$/\1 _\2 \2/p'\'' | sed '\''/ __gnu_lto/d'\'''
lt_cv_sys_global_symbol_to_c_name_address='sed -n -e '\''s/^: \(.*\) .*$/  {"\1", (void *) 0},/p'\'' -e '\''s/^[BCDEGRST][BCDEGRST]* .* \(.*\)$/  {"\1", (void *) \&\1},/p'\'''
lt_cv_sys_global_symbol_to_c_name_address_lib_prefix='sed -n -e '\''s/^: \(.*\) .*$/  {"\1", (void *) 0},/p'\'' -e '\''s/^[BCDEGRST][BCDEGRST]* .* \(lib.*\)$/  {"\1", (void *) \&\1},/p'\'' -e '\''s/^[BCDEGRST][BCDEGRST]* .* \(.*\)$/  {"lib\1", (void *) \&\1},/p'\'''
lt_cv_sys_global_symbol_to_cdecl='sed -n -e '\''s/^T .* \(.*\)$/extern int \1();/p'\'' -e '\''s/^[BCDEGRST][BCDEGRST]* .* \(.*\)$/extern char \1;/p'\'''
lt_cv_sys_global_symbol_to_import=
lt_cv_sys_max_cmd_len=196608
lt_cv_to_host_file_cmd=func_convert_file_noop
lt_cv_to_tool_file_cmd=func_convert_file_noop
lt_cv_truncate_bin='/bin/dd bs=4096 count=1'

## ----------------- ##
## Output variables. ##
## ----------------- ##

ACLOCAL='${SHELL} /Users/michael.brown/Documents/Projects/Libraries/libssh2/libssh2-1.8.0/missing aclocal-1.15'
ALLOCA=''
AMDEPBACKSLASH='\'
AMDEP_FALSE='#'
AMDEP_TRUE=''
AMTAR='$${TAR-tar}'
AM_BACKSLASH='\'
AM_DEFAULT_V='$(AM_DEFAULT_VERBOSITY)'
AM_DEFAULT_VERBOSITY='0'
AM_V='$(V)'
AR='/Applications/Xcode.app/Contents/Developer/Toolchains/XcodeDefault.xctoolchain/usr/bin/ar'
AS='as'
AUTOCONF='${SHELL} /Users/michael.brown/Documents/Projects/Libraries/libssh2/libssh2-1.8.0/missing autoconf'
AUTOHEADER='${SHELL} /Users/michael.brown/Documents/Projects/Libraries/libssh2/libssh2-1.8.0/missing autoheader'
AUTOMAKE='${SHELL} /Users/michael.brown/Documents/Projects/Libraries/libssh2/libssh2-1.8.0/missing automake-1.15'
AWK='awk'
BUILD_EXAMPLES_FALSE='#'
BUILD_EXAMPLES_TRUE=''
CC='/Applications/Xcode.app/Contents/Developer/Toolchains/XcodeDefault.xctoolchain/usr/bin/clang -isysroot /Applications/Xcode.app/Contents/Developer/Platforms/iPhoneOS.platform/Developer/SDKs/iPhoneOS11.2.sdk -arch arm64 -miphoneos-version-min=8.0 -fembed-bitcode '
CCDEPMODE='depmode=gcc3'
CFLAGS=' -DLIBSSH2_DARWIN'
CPP='/Applications/Xcode.app/Contents/Developer/Toolchains/XcodeDefault.xctoolchain/usr/bin/clang -E -isysroot /Applications/Xcode.app/Contents/Developer/Platforms/iPhoneOS.platform/Developer/SDKs/iPhoneOS11.2.sdk -arch arm64 -miphoneos-version-min=8.0 -fembed-bitcode '
CPPFLAGS='-I/Users/michael.brown/Documents/Projects/Libraries/libssh2/libssh2-1.8.0/../../libssl/iPhoneOS/include'
CYGPATH_W='echo'
DEFS='-DHAVE_CONFIG_H'
DEPDIR='.deps'
DLLTOOL='dlltool'
DSYMUTIL='dsymutil'
DUMPBIN=':'
ECHO_C='\c'
ECHO_N=''
ECHO_T=''
EGREP='/usr/bin/grep -E'
EXEEXT=''
FGREP='/usr/bin/grep -F'
GREP='/usr/bin/grep'
HAVE_LIBBCRYPT=''
HAVE_LIBCRYPT32=''
HAVE_LIBGCRYPT=''
HAVE_LIBMBEDTLS=''
HAVE_LIBSSL='yes'
HAVE_LIBZ='yes'
HAVE_SYS_UN_H_FALSE='#'
HAVE_SYS_UN_H_TRUE=''
INSTALL_DATA='${INSTALL} -m 644'
INSTALL_PROGRAM='${INSTALL}'
INSTALL_SCRIPT='${INSTALL}'
INSTALL_STRIP_PROGRAM='$(install_sh) -c -s'
LD='/Applications/Xcode.app/Contents/Developer/Toolchains/XcodeDefault.xctoolchain/usr/bin/ld -isysroot /Applications/Xcode.app/Contents/Developer/Platforms/iPhoneOS.platform/Developer/SDKs/iPhoneOS11.2.sdk -arch arm64'
LDFLAGS=''
LIBBCRYPT=''
LIBBCRYPT_PREFIX=''
LIBCRYPT32=''
LIBCRYPT32_PREFIX=''
LIBGCRYPT=''
LIBGCRYPT_FALSE=''
LIBGCRYPT_PREFIX=''
LIBGCRYPT_TRUE='#'
LIBMBEDTLS=''
LIBMBEDTLS_PREFIX=''
LIBOBJS=''
LIBS=''
LIBSREQUIRED='libssl,libcrypto,zlib'
LIBSSH2VER='1.8.0'
LIBSSL='/Users/michael.brown/Documents/Projects/Libraries/libssh2/libssh2-1.8.0/../../libssl/iPhoneOS/lib/libssl.a /Users/michael.brown/Documents/Projects/Libraries/libssh2/libssh2-1.8.0/../../libssl/iPhoneOS/lib/libcrypto.a'
LIBSSL_PREFIX='/Users/michael.brown/Documents/Projects/Libraries/libssh2/libssh2-1.8.0/../../libssl/iPhoneOS'
LIBTOOL='$(SHELL) $(top_builddir)/libtool'
LIBZ='-lz'
LIBZ_PREFIX=''
LIPO='/Applications/Xcode.app/Contents/Developer/Toolchains/XcodeDefault.xctoolchain/usr/bin/lipo'
LN_S='ln -s'
LTLIBBCRYPT=''
LTLIBCRYPT32=''
LTLIBGCRYPT=''
LTLIBMBEDTLS=''
LTLIBOBJS=''
LTLIBSSL='-L/Users/michael.brown/Documents/Projects/Libraries/libssh2/libssh2-1.8.0/../../libssl/iPhoneOS/lib -lssl -L/Users/michael.brown/Documents/Projects/Libraries/libssh2/libssh2-1.8.0/../../libssl/iPhoneOS/lib -lcrypto'
LTLIBZ='-lz'
LT_SYS_LIBRARY_PATH=''
MAINT='#'
MAINTAINER_MODE_FALSE=''
MAINTAINER_MODE_TRUE='#'
MAKEINFO='${SHELL} /Users/michael.brown/Documents/Projects/Libraries/libssh2/libssh2-1.8.0/missing makeinfo'
MANIFEST_TOOL=':'
MBEDTLS_FALSE=''
MBEDTLS_TRUE='#'
MKDIR_P='./install-sh -c -d'
NM='nm'
NMEDIT='nmedit'
OBJDUMP='objdump'
OBJEXT='o'
OPENSSL_FALSE='#'
OPENSSL_TRUE=''
OS400QC3_FALSE=''
OS400QC3_TRUE='#'
OTOOL64=':'
OTOOL='otool'
PACKAGE='libssh2'
PACKAGE_BUGREPORT='libssh2-devel@cool.haxx.se'
PACKAGE_NAME='libssh2'
PACKAGE_STRING='libssh2 -'
PACKAGE_TARNAME='libssh2'
PACKAGE_URL=''
PACKAGE_VERSION='-'
PATH_SEPARATOR=':'
RANLIB='/Applications/Xcode.app/Contents/Developer/Toolchains/XcodeDefault.xctoolchain/usr/bin/ranlib'
SED='/usr/bin/sed'
SET_MAKE=''
SHELL='/bin/sh'
SSHD='/usr/sbin/sshd'
SSHD_FALSE='#'
SSHD_TRUE=''
STRIP='/Applications/Xcode.app/Contents/Developer/Toolchains/XcodeDefault.xctoolchain/usr/bin/strip'
VERSION='-'
WINCNG_FALSE=''
WINCNG_TRUE='#'
ac_ct_AR=''
ac_ct_CC=''
ac_ct_DUMPBIN='link -dump'
am__EXEEXT_FALSE=''
am__EXEEXT_TRUE='#'
am__fastdepCC_FALSE='#'
am__fastdepCC_TRUE=''
am__include='include'
am__isrc=''
am__leading_dot='.'
am__nodep='_no'
am__quote=''
am__tar='$${TAR-tar} chof - "$$tardir"'
am__untar='$${TAR-tar} xf -'
bindir='${exec_prefix}/bin'
build='x86_64-apple-darwin16.7.0'
build_alias=''
build_cpu='x86_64'
build_os='darwin16.7.0'
build_vendor='apple'
datadir='${datarootdir}'
datarootdir='${prefix}/share'
docdir='${datarootdir}/doc/${PACKAGE_TARNAME}'
dvidir='${docdir}'
exec_prefix='${prefix}'
host='arm-apple-darwin'
host_alias='arm-apple-darwin'
host_cpu='arm'
host_os='darwin'
host_vendor='apple'
htmldir='${docdir}'
includedir='${prefix}/include'
infodir='${datarootdir}/info'
install_sh='${SHELL} /Users/michael.brown/Documents/Projects/Libraries/libssh2/libssh2-1.8.0/install-sh'
libdir='${exec_prefix}/lib'
libexecdir='${exec_prefix}/libexec'
localedir='${datarootdir}/locale'
localstatedir='${prefix}/var'
mandir='${datarootdir}/man'
mkdir_p='$(MKDIR_P)'
oldincludedir='/usr/include'
pdfdir='${docdir}'
prefix='/Users/michael.brown/Documents/Projects/Libraries/libssh2/libssh2-1.8.0/../iPhoneOS-arm64'
program_transform_name='s,x,x,'
psdir='${docdir}'
runstatedir='${localstatedir}/run'
sbindir='${exec_prefix}/sbin'
sharedstatedir='${prefix}/com'
sysconfdir='${prefix}/etc'
target_alias=''

## ----------- ##
## confdefs.h. ##
## ----------- ##

/* confdefs.h */
#define PACKAGE_NAME "libssh2"
#define PACKAGE_TARNAME "libssh2"
#define PACKAGE_VERSION "-"
#define PACKAGE_STRING "libssh2 -"
#define PACKAGE_BUGREPORT "libssh2-devel@cool.haxx.se"
#define PACKAGE_URL ""
#define PACKAGE "libssh2"
#define VERSION "-"
#define STDC_HEADERS 1
#define HAVE_SYS_TYPES_H 1
#define HAVE_SYS_STAT_H 1
#define HAVE_STDLIB_H 1
#define HAVE_STRING_H 1
#define HAVE_MEMORY_H 1
#define HAVE_STRINGS_H 1
#define HAVE_INTTYPES_H 1
#define HAVE_STDINT_H 1
#define HAVE_UNISTD_H 1
#define HAVE_LONGLONG 1
#define HAVE_DLFCN_H 1
#define LT_OBJDIR ".libs/"
#define HAVE_LIBSSL 1
#define LIBSSH2_OPENSSL 1
#define HAVE_LIBZ 1
#define LIBSSH2_HAVE_ZLIB 1
#define LIBSSH2_DH_GEX_NEW 1
#define HAVE_ERRNO_H 1
#define HAVE_FCNTL_H 1
#define HAVE_STDIO_H 1
#define HAVE_STDLIB_H 1
#define HAVE_UNISTD_H 1
#define HAVE_SYS_UIO_H 1
#define HAVE_SYS_SELECT_H 1
#define HAVE_SYS_SOCKET_H 1
#define HAVE_SYS_IOCTL_H 1
#define HAVE_SYS_TIME_H 1
#define HAVE_ARPA_INET_H 1
#define HAVE_NETINET_IN_H 1
#define HAVE_SYS_UN_H 1
#define HAVE_GETTIMEOFDAY 1
#define HAVE_SELECT 1
#define HAVE_STRTOLL 1
#define HAVE_ALLOCA_H 1
#define HAVE_ALLOCA 1
#define HAVE_O_NONBLOCK 1

configure: exit 0
